[2025-10-19T00:06:29.571+0000] {processor.py:161} INFO - Started process (PID=970) to work on /opt/airflow/dags/airflow1.py
[2025-10-19T00:06:29.571+0000] {processor.py:830} INFO - Processing file /opt/airflow/dags/airflow1.py for tasks to queue
[2025-10-19T00:06:29.574+0000] {logging_mixin.py:188} INFO - [2025-10-19T00:06:29.573+0000] {dagbag.py:545} INFO - Filling up the DagBag from /opt/airflow/dags/airflow1.py
[2025-10-19T00:06:30.393+0000] {processor.py:840} INFO - DAG(s) 'Airflow_Lab1' retrieved from /opt/airflow/dags/airflow1.py
[2025-10-19T00:06:30.407+0000] {logging_mixin.py:188} INFO - [2025-10-19T00:06:30.407+0000] {dag.py:3096} INFO - Sync 1 DAGs
[2025-10-19T00:06:30.416+0000] {logging_mixin.py:188} INFO - [2025-10-19T00:06:30.416+0000] {dag.py:3954} INFO - Setting next_dagrun for Airflow_Lab1 to 2025-10-19 00:00:00+00:00, run_after=2025-10-20 00:00:00+00:00
[2025-10-19T00:06:30.423+0000] {processor.py:183} INFO - Processing /opt/airflow/dags/airflow1.py took 0.860 seconds
[2025-10-19T00:07:00.730+0000] {processor.py:161} INFO - Started process (PID=981) to work on /opt/airflow/dags/airflow1.py
[2025-10-19T00:07:00.733+0000] {processor.py:830} INFO - Processing file /opt/airflow/dags/airflow1.py for tasks to queue
[2025-10-19T00:07:00.738+0000] {logging_mixin.py:188} INFO - [2025-10-19T00:07:00.738+0000] {dagbag.py:545} INFO - Filling up the DagBag from /opt/airflow/dags/airflow1.py
[2025-10-19T00:07:01.712+0000] {processor.py:840} INFO - DAG(s) 'Airflow_Lab1' retrieved from /opt/airflow/dags/airflow1.py
[2025-10-19T00:07:01.725+0000] {logging_mixin.py:188} INFO - [2025-10-19T00:07:01.725+0000] {dag.py:3096} INFO - Sync 1 DAGs
[2025-10-19T00:07:01.733+0000] {logging_mixin.py:188} INFO - [2025-10-19T00:07:01.733+0000] {dag.py:3954} INFO - Setting next_dagrun for Airflow_Lab1 to 2025-10-19 00:00:00+00:00, run_after=2025-10-20 00:00:00+00:00
[2025-10-19T00:07:01.740+0000] {processor.py:183} INFO - Processing /opt/airflow/dags/airflow1.py took 1.024 seconds
[2025-10-19T00:07:32.019+0000] {processor.py:161} INFO - Started process (PID=992) to work on /opt/airflow/dags/airflow1.py
[2025-10-19T00:07:32.021+0000] {processor.py:830} INFO - Processing file /opt/airflow/dags/airflow1.py for tasks to queue
[2025-10-19T00:07:32.024+0000] {logging_mixin.py:188} INFO - [2025-10-19T00:07:32.023+0000] {dagbag.py:545} INFO - Filling up the DagBag from /opt/airflow/dags/airflow1.py
[2025-10-19T00:07:32.691+0000] {processor.py:840} INFO - DAG(s) 'Airflow_Lab1' retrieved from /opt/airflow/dags/airflow1.py
[2025-10-19T00:07:32.709+0000] {logging_mixin.py:188} INFO - [2025-10-19T00:07:32.709+0000] {dag.py:3096} INFO - Sync 1 DAGs
[2025-10-19T00:07:32.718+0000] {logging_mixin.py:188} INFO - [2025-10-19T00:07:32.718+0000] {dag.py:3954} INFO - Setting next_dagrun for Airflow_Lab1 to 2025-10-19 00:00:00+00:00, run_after=2025-10-20 00:00:00+00:00
[2025-10-19T00:07:32.725+0000] {processor.py:183} INFO - Processing /opt/airflow/dags/airflow1.py took 0.713 seconds
[2025-10-19T00:08:03.082+0000] {processor.py:161} INFO - Started process (PID=1003) to work on /opt/airflow/dags/airflow1.py
[2025-10-19T00:08:03.083+0000] {processor.py:830} INFO - Processing file /opt/airflow/dags/airflow1.py for tasks to queue
[2025-10-19T00:08:03.086+0000] {logging_mixin.py:188} INFO - [2025-10-19T00:08:03.085+0000] {dagbag.py:545} INFO - Filling up the DagBag from /opt/airflow/dags/airflow1.py
[2025-10-19T00:08:03.721+0000] {processor.py:840} INFO - DAG(s) 'Airflow_Lab1' retrieved from /opt/airflow/dags/airflow1.py
[2025-10-19T00:08:03.737+0000] {logging_mixin.py:188} INFO - [2025-10-19T00:08:03.737+0000] {dag.py:3096} INFO - Sync 1 DAGs
[2025-10-19T00:08:03.744+0000] {logging_mixin.py:188} INFO - [2025-10-19T00:08:03.744+0000] {dag.py:3954} INFO - Setting next_dagrun for Airflow_Lab1 to 2025-10-19 00:00:00+00:00, run_after=2025-10-20 00:00:00+00:00
[2025-10-19T00:08:03.750+0000] {processor.py:183} INFO - Processing /opt/airflow/dags/airflow1.py took 0.676 seconds
[2025-10-19T00:08:34.030+0000] {processor.py:161} INFO - Started process (PID=1014) to work on /opt/airflow/dags/airflow1.py
[2025-10-19T00:08:34.031+0000] {processor.py:830} INFO - Processing file /opt/airflow/dags/airflow1.py for tasks to queue
[2025-10-19T00:08:34.035+0000] {logging_mixin.py:188} INFO - [2025-10-19T00:08:34.034+0000] {dagbag.py:545} INFO - Filling up the DagBag from /opt/airflow/dags/airflow1.py
[2025-10-19T00:08:34.592+0000] {processor.py:840} INFO - DAG(s) 'Airflow_Lab1' retrieved from /opt/airflow/dags/airflow1.py
[2025-10-19T00:08:34.604+0000] {logging_mixin.py:188} INFO - [2025-10-19T00:08:34.604+0000] {dag.py:3096} INFO - Sync 1 DAGs
[2025-10-19T00:08:34.612+0000] {logging_mixin.py:188} INFO - [2025-10-19T00:08:34.612+0000] {dag.py:3954} INFO - Setting next_dagrun for Airflow_Lab1 to 2025-10-19 00:00:00+00:00, run_after=2025-10-20 00:00:00+00:00
[2025-10-19T00:08:34.618+0000] {processor.py:183} INFO - Processing /opt/airflow/dags/airflow1.py took 0.598 seconds
[2025-10-19T00:09:04.910+0000] {processor.py:161} INFO - Started process (PID=1025) to work on /opt/airflow/dags/airflow1.py
[2025-10-19T00:09:04.911+0000] {processor.py:830} INFO - Processing file /opt/airflow/dags/airflow1.py for tasks to queue
[2025-10-19T00:09:04.914+0000] {logging_mixin.py:188} INFO - [2025-10-19T00:09:04.913+0000] {dagbag.py:545} INFO - Filling up the DagBag from /opt/airflow/dags/airflow1.py
[2025-10-19T00:09:05.565+0000] {processor.py:840} INFO - DAG(s) 'Airflow_Lab1' retrieved from /opt/airflow/dags/airflow1.py
[2025-10-19T00:09:05.578+0000] {logging_mixin.py:188} INFO - [2025-10-19T00:09:05.578+0000] {dag.py:3096} INFO - Sync 1 DAGs
[2025-10-19T00:09:05.588+0000] {logging_mixin.py:188} INFO - [2025-10-19T00:09:05.588+0000] {dag.py:3954} INFO - Setting next_dagrun for Airflow_Lab1 to 2025-10-19 00:00:00+00:00, run_after=2025-10-20 00:00:00+00:00
[2025-10-19T00:09:05.596+0000] {processor.py:183} INFO - Processing /opt/airflow/dags/airflow1.py took 0.695 seconds
[2025-10-19T00:09:35.855+0000] {processor.py:161} INFO - Started process (PID=1036) to work on /opt/airflow/dags/airflow1.py
[2025-10-19T00:09:35.856+0000] {processor.py:830} INFO - Processing file /opt/airflow/dags/airflow1.py for tasks to queue
[2025-10-19T00:09:35.857+0000] {logging_mixin.py:188} INFO - [2025-10-19T00:09:35.857+0000] {dagbag.py:545} INFO - Filling up the DagBag from /opt/airflow/dags/airflow1.py
[2025-10-19T00:09:36.262+0000] {processor.py:840} INFO - DAG(s) 'Airflow_Lab1' retrieved from /opt/airflow/dags/airflow1.py
[2025-10-19T00:09:36.271+0000] {logging_mixin.py:188} INFO - [2025-10-19T00:09:36.270+0000] {dag.py:3096} INFO - Sync 1 DAGs
[2025-10-19T00:09:36.277+0000] {logging_mixin.py:188} INFO - [2025-10-19T00:09:36.277+0000] {dag.py:3954} INFO - Setting next_dagrun for Airflow_Lab1 to 2025-10-19 00:00:00+00:00, run_after=2025-10-20 00:00:00+00:00
[2025-10-19T00:09:36.282+0000] {processor.py:183} INFO - Processing /opt/airflow/dags/airflow1.py took 0.431 seconds
[2025-10-19T00:10:06.404+0000] {processor.py:161} INFO - Started process (PID=1047) to work on /opt/airflow/dags/airflow1.py
[2025-10-19T00:10:06.405+0000] {processor.py:830} INFO - Processing file /opt/airflow/dags/airflow1.py for tasks to queue
[2025-10-19T00:10:06.408+0000] {logging_mixin.py:188} INFO - [2025-10-19T00:10:06.407+0000] {dagbag.py:545} INFO - Filling up the DagBag from /opt/airflow/dags/airflow1.py
[2025-10-19T00:10:06.912+0000] {processor.py:840} INFO - DAG(s) 'Airflow_Lab1' retrieved from /opt/airflow/dags/airflow1.py
[2025-10-19T00:10:06.923+0000] {logging_mixin.py:188} INFO - [2025-10-19T00:10:06.923+0000] {dag.py:3096} INFO - Sync 1 DAGs
[2025-10-19T00:10:06.930+0000] {logging_mixin.py:188} INFO - [2025-10-19T00:10:06.930+0000] {dag.py:3954} INFO - Setting next_dagrun for Airflow_Lab1 to 2025-10-19 00:00:00+00:00, run_after=2025-10-20 00:00:00+00:00
[2025-10-19T00:10:06.936+0000] {processor.py:183} INFO - Processing /opt/airflow/dags/airflow1.py took 0.541 seconds
[2025-10-19T00:10:37.174+0000] {processor.py:161} INFO - Started process (PID=1058) to work on /opt/airflow/dags/airflow1.py
[2025-10-19T00:10:37.175+0000] {processor.py:830} INFO - Processing file /opt/airflow/dags/airflow1.py for tasks to queue
[2025-10-19T00:10:37.178+0000] {logging_mixin.py:188} INFO - [2025-10-19T00:10:37.178+0000] {dagbag.py:545} INFO - Filling up the DagBag from /opt/airflow/dags/airflow1.py
[2025-10-19T00:10:37.697+0000] {processor.py:840} INFO - DAG(s) 'Airflow_Lab1' retrieved from /opt/airflow/dags/airflow1.py
[2025-10-19T00:10:37.711+0000] {logging_mixin.py:188} INFO - [2025-10-19T00:10:37.711+0000] {dag.py:3096} INFO - Sync 1 DAGs
[2025-10-19T00:10:37.719+0000] {logging_mixin.py:188} INFO - [2025-10-19T00:10:37.719+0000] {dag.py:3954} INFO - Setting next_dagrun for Airflow_Lab1 to 2025-10-19 00:00:00+00:00, run_after=2025-10-20 00:00:00+00:00
[2025-10-19T00:10:37.725+0000] {processor.py:183} INFO - Processing /opt/airflow/dags/airflow1.py took 0.559 seconds
[2025-10-19T00:11:08.000+0000] {processor.py:161} INFO - Started process (PID=1069) to work on /opt/airflow/dags/airflow1.py
[2025-10-19T00:11:08.001+0000] {processor.py:830} INFO - Processing file /opt/airflow/dags/airflow1.py for tasks to queue
[2025-10-19T00:11:08.002+0000] {logging_mixin.py:188} INFO - [2025-10-19T00:11:08.002+0000] {dagbag.py:545} INFO - Filling up the DagBag from /opt/airflow/dags/airflow1.py
[2025-10-19T00:11:08.471+0000] {processor.py:840} INFO - DAG(s) 'Airflow_Lab1' retrieved from /opt/airflow/dags/airflow1.py
[2025-10-19T00:11:08.480+0000] {logging_mixin.py:188} INFO - [2025-10-19T00:11:08.480+0000] {dag.py:3096} INFO - Sync 1 DAGs
[2025-10-19T00:11:08.487+0000] {logging_mixin.py:188} INFO - [2025-10-19T00:11:08.487+0000] {dag.py:3954} INFO - Setting next_dagrun for Airflow_Lab1 to 2025-10-19 00:00:00+00:00, run_after=2025-10-20 00:00:00+00:00
[2025-10-19T00:11:08.492+0000] {processor.py:183} INFO - Processing /opt/airflow/dags/airflow1.py took 0.497 seconds
[2025-10-19T00:11:38.637+0000] {processor.py:161} INFO - Started process (PID=1079) to work on /opt/airflow/dags/airflow1.py
[2025-10-19T00:11:38.638+0000] {processor.py:830} INFO - Processing file /opt/airflow/dags/airflow1.py for tasks to queue
[2025-10-19T00:11:38.640+0000] {logging_mixin.py:188} INFO - [2025-10-19T00:11:38.640+0000] {dagbag.py:545} INFO - Filling up the DagBag from /opt/airflow/dags/airflow1.py
[2025-10-19T00:11:39.145+0000] {processor.py:840} INFO - DAG(s) 'Airflow_Lab1' retrieved from /opt/airflow/dags/airflow1.py
[2025-10-19T00:11:39.155+0000] {logging_mixin.py:188} INFO - [2025-10-19T00:11:39.155+0000] {dag.py:3096} INFO - Sync 1 DAGs
[2025-10-19T00:11:39.163+0000] {logging_mixin.py:188} INFO - [2025-10-19T00:11:39.163+0000] {dag.py:3954} INFO - Setting next_dagrun for Airflow_Lab1 to 2025-10-19 00:00:00+00:00, run_after=2025-10-20 00:00:00+00:00
[2025-10-19T00:11:39.168+0000] {processor.py:183} INFO - Processing /opt/airflow/dags/airflow1.py took 0.538 seconds
