[2025-10-19T00:06:34.964+0000] {local_task_job_runner.py:120} INFO - ::group::Pre task execution logs
[2025-10-19T00:06:34.972+0000] {taskinstance.py:2076} INFO - Dependencies all met for dep_context=non-requeueable deps ti=<TaskInstance: Airflow_Lab1.load_model_task scheduled__2025-10-18T00:00:00+00:00 [queued]>
[2025-10-19T00:06:34.975+0000] {taskinstance.py:2076} INFO - Dependencies all met for dep_context=requeueable deps ti=<TaskInstance: Airflow_Lab1.load_model_task scheduled__2025-10-18T00:00:00+00:00 [queued]>
[2025-10-19T00:06:34.975+0000] {taskinstance.py:2306} INFO - Starting attempt 1 of 1
[2025-10-19T00:06:34.979+0000] {taskinstance.py:2330} INFO - Executing <Task(PythonOperator): load_model_task> on 2025-10-18 00:00:00+00:00
[2025-10-19T00:06:34.982+0000] {warnings.py:112} WARNING - /home/***/.local/lib/python3.12/site-packages/***/task/task_runner/standard_task_runner.py:61: DeprecationWarning: This process (pid=710) is multi-threaded, use of fork() may lead to deadlocks in the child.
  pid = os.fork()

[2025-10-19T00:06:34.983+0000] {standard_task_runner.py:63} INFO - Started process 715 to run task
[2025-10-19T00:06:34.983+0000] {standard_task_runner.py:90} INFO - Running: ['***', 'tasks', 'run', 'Airflow_Lab1', 'load_model_task', 'scheduled__2025-10-18T00:00:00+00:00', '--job-id', '30', '--raw', '--subdir', 'DAGS_FOLDER/***1.py', '--cfg-path', '/tmp/tmplo6wgur3']
[2025-10-19T00:06:34.984+0000] {standard_task_runner.py:91} INFO - Job 30: Subtask load_model_task
[2025-10-19T00:06:35.000+0000] {task_command.py:426} INFO - Running <TaskInstance: Airflow_Lab1.load_model_task scheduled__2025-10-18T00:00:00+00:00 [running]> on host 70ee7929d0b2
[2025-10-19T00:06:35.030+0000] {taskinstance.py:2648} INFO - Exporting env vars: AIRFLOW_CTX_DAG_OWNER='your_name' AIRFLOW_CTX_DAG_ID='Airflow_Lab1' AIRFLOW_CTX_TASK_ID='load_model_task' AIRFLOW_CTX_EXECUTION_DATE='2025-10-18T00:00:00+00:00' AIRFLOW_CTX_TRY_NUMBER='1' AIRFLOW_CTX_DAG_RUN_ID='scheduled__2025-10-18T00:00:00+00:00'
[2025-10-19T00:06:35.030+0000] {taskinstance.py:430} INFO - ::endgroup::
[2025-10-19T00:06:35.036+0000] {logging_mixin.py:188} INFO - Optimal no. of clusters (elbow): 11
[2025-10-19T00:06:35.039+0000] {warnings.py:112} WARNING - /home/***/.local/lib/python3.12/site-packages/sklearn/utils/validation.py:2749: UserWarning: X does not have valid feature names, but MinMaxScaler was fitted with feature names
  warnings.warn(

[2025-10-19T00:06:35.046+0000] {python.py:237} INFO - Done. Returned value was: 5
[2025-10-19T00:06:35.046+0000] {taskinstance.py:441} INFO - ::group::Post task execution logs
[2025-10-19T00:06:35.058+0000] {taskinstance.py:1206} INFO - Marking task as SUCCESS. dag_id=Airflow_Lab1, task_id=load_model_task, run_id=scheduled__2025-10-18T00:00:00+00:00, execution_date=20251018T000000, start_date=20251019T000634, end_date=20251019T000635
[2025-10-19T00:06:35.081+0000] {local_task_job_runner.py:240} INFO - Task exited with return code 0
[2025-10-19T00:06:35.088+0000] {taskinstance.py:3503} INFO - 0 downstream tasks scheduled from follow-on schedule check
[2025-10-19T00:06:35.088+0000] {local_task_job_runner.py:222} INFO - ::endgroup::
