[2025-10-17T21:01:28.526+0000] {manager.py:470} INFO - Processing files using up to 2 processes at a time 
[2025-10-17T21:01:28.529+0000] {manager.py:471} INFO - Process each file at most once every 30 seconds
[2025-10-17T21:01:28.529+0000] {manager.py:472} INFO - Checking for new files in /opt/airflow/dags every 300 seconds
[2025-10-17T21:01:28.529+0000] {manager.py:737} INFO - Searching for files in /opt/airflow/dags
[2025-10-17T21:01:28.536+0000] {manager.py:740} INFO - There are 1 files in /opt/airflow/dags
[2025-10-17T21:01:28.621+0000] {manager.py:878} INFO - 
================================================================================
DAG File Processing Stats

File Path                        PID  Runtime      # DAGs    # Errors  Last Runtime    Last Run
-----------------------------  -----  ---------  --------  ----------  --------------  ----------
/opt/airflow/dags/airflow1.py     78  0.04s             0           0
================================================================================
[2025-10-17T21:01:58.843+0000] {manager.py:878} INFO - 
================================================================================
DAG File Processing Stats

File Path                      PID    Runtime      # DAGs    # Errors  Last Runtime    Last Run
-----------------------------  -----  ---------  --------  ----------  --------------  -------------------
/opt/airflow/dags/airflow1.py                           1           0  2.27s           2025-10-17T21:01:30
================================================================================
[2025-10-17T21:02:29.268+0000] {manager.py:878} INFO - 
================================================================================
DAG File Processing Stats

File Path                      PID    Runtime      # DAGs    # Errors  Last Runtime    Last Run
-----------------------------  -----  ---------  --------  ----------  --------------  -------------------
/opt/airflow/dags/airflow1.py                           1           0  0.51s           2025-10-17T21:02:01
================================================================================
[2025-10-17T21:02:59.463+0000] {manager.py:878} INFO - 
================================================================================
DAG File Processing Stats

File Path                      PID    Runtime      # DAGs    # Errors  Last Runtime    Last Run
-----------------------------  -----  ---------  --------  ----------  --------------  -------------------
/opt/airflow/dags/airflow1.py                           1           0  0.66s           2025-10-17T21:02:32
================================================================================
[2025-10-17T21:03:30.078+0000] {manager.py:878} INFO - 
================================================================================
DAG File Processing Stats

File Path                      PID    Runtime      # DAGs    # Errors  Last Runtime    Last Run
-----------------------------  -----  ---------  --------  ----------  --------------  -------------------
/opt/airflow/dags/airflow1.py                           1           0  0.48s           2025-10-17T21:03:02
================================================================================
[2025-10-17T21:04:00.415+0000] {manager.py:878} INFO - 
================================================================================
DAG File Processing Stats

File Path                      PID    Runtime      # DAGs    # Errors  Last Runtime    Last Run
-----------------------------  -----  ---------  --------  ----------  --------------  -------------------
/opt/airflow/dags/airflow1.py                           1           0  0.46s           2025-10-17T21:03:33
================================================================================
[2025-10-17T21:04:30.440+0000] {manager.py:878} INFO - 
================================================================================
DAG File Processing Stats

File Path                      PID    Runtime      # DAGs    # Errors  Last Runtime    Last Run
-----------------------------  -----  ---------  --------  ----------  --------------  -------------------
/opt/airflow/dags/airflow1.py                           1           0  0.43s           2025-10-17T21:04:04
================================================================================
[2025-10-17T21:05:00.663+0000] {manager.py:878} INFO - 
================================================================================
DAG File Processing Stats

File Path                      PID    Runtime      # DAGs    # Errors  Last Runtime    Last Run
-----------------------------  -----  ---------  --------  ----------  --------------  -------------------
/opt/airflow/dags/airflow1.py                           1           0  0.45s           2025-10-17T21:04:34
================================================================================
[2025-10-17T21:05:30.874+0000] {manager.py:878} INFO - 
================================================================================
DAG File Processing Stats

File Path                      PID    Runtime      # DAGs    # Errors  Last Runtime    Last Run
-----------------------------  -----  ---------  --------  ----------  --------------  -------------------
/opt/airflow/dags/airflow1.py                           1           0  0.50s           2025-10-17T21:05:05
================================================================================
[2025-10-17T21:06:01.100+0000] {manager.py:878} INFO - 
================================================================================
DAG File Processing Stats

File Path                      PID    Runtime      # DAGs    # Errors  Last Runtime    Last Run
-----------------------------  -----  ---------  --------  ----------  --------------  -------------------
/opt/airflow/dags/airflow1.py                           1           0  0.46s           2025-10-17T21:05:36
================================================================================
[2025-10-17T21:06:28.794+0000] {manager.py:737} INFO - Searching for files in /opt/airflow/dags
[2025-10-17T21:06:28.803+0000] {manager.py:740} INFO - There are 1 files in /opt/airflow/dags
[2025-10-17T21:06:31.321+0000] {manager.py:878} INFO - 
================================================================================
DAG File Processing Stats

File Path                      PID    Runtime      # DAGs    # Errors  Last Runtime    Last Run
-----------------------------  -----  ---------  --------  ----------  --------------  -------------------
/opt/airflow/dags/airflow1.py                           1           0  0.51s           2025-10-17T21:06:07
================================================================================
[2025-10-17T21:07:01.594+0000] {manager.py:878} INFO - 
================================================================================
DAG File Processing Stats

File Path                      PID    Runtime      # DAGs    # Errors  Last Runtime    Last Run
-----------------------------  -----  ---------  --------  ----------  --------------  -------------------
/opt/airflow/dags/airflow1.py                           1           0  0.45s           2025-10-17T21:06:37
================================================================================
[2025-10-17T21:07:31.763+0000] {manager.py:878} INFO - 
================================================================================
DAG File Processing Stats

File Path                      PID    Runtime      # DAGs    # Errors  Last Runtime    Last Run
-----------------------------  -----  ---------  --------  ----------  --------------  -------------------
/opt/airflow/dags/airflow1.py                           1           0  0.49s           2025-10-17T21:07:08
================================================================================
[2025-10-17T21:08:02.026+0000] {manager.py:878} INFO - 
================================================================================
DAG File Processing Stats

File Path                      PID    Runtime      # DAGs    # Errors  Last Runtime    Last Run
-----------------------------  -----  ---------  --------  ----------  --------------  -------------------
/opt/airflow/dags/airflow1.py                           1           0  0.45s           2025-10-17T21:07:39
================================================================================
[2025-10-17T21:08:32.167+0000] {manager.py:878} INFO - 
================================================================================
DAG File Processing Stats

File Path                      PID    Runtime      # DAGs    # Errors  Last Runtime    Last Run
-----------------------------  -----  ---------  --------  ----------  --------------  -------------------
/opt/airflow/dags/airflow1.py                           1           0  0.44s           2025-10-17T21:08:09
================================================================================
[2025-10-17T21:09:02.429+0000] {manager.py:878} INFO - 
================================================================================
DAG File Processing Stats

File Path                      PID    Runtime      # DAGs    # Errors  Last Runtime    Last Run
-----------------------------  -----  ---------  --------  ----------  --------------  -------------------
/opt/airflow/dags/airflow1.py                           1           0  0.47s           2025-10-17T21:08:40
================================================================================
[2025-10-17T21:09:32.521+0000] {manager.py:878} INFO - 
================================================================================
DAG File Processing Stats

File Path                      PID    Runtime      # DAGs    # Errors  Last Runtime    Last Run
-----------------------------  -----  ---------  --------  ----------  --------------  -------------------
/opt/airflow/dags/airflow1.py                           1           0  0.53s           2025-10-17T21:09:11
================================================================================
[2025-10-17T21:10:03.232+0000] {manager.py:878} INFO - 
================================================================================
DAG File Processing Stats

File Path                      PID    Runtime      # DAGs    # Errors  Last Runtime    Last Run
-----------------------------  -----  ---------  --------  ----------  --------------  -------------------
/opt/airflow/dags/airflow1.py                           1           0  0.56s           2025-10-17T21:09:42
================================================================================
[2025-10-17T21:10:33.466+0000] {manager.py:878} INFO - 
================================================================================
DAG File Processing Stats

File Path                      PID    Runtime      # DAGs    # Errors  Last Runtime    Last Run
-----------------------------  -----  ---------  --------  ----------  --------------  -------------------
/opt/airflow/dags/airflow1.py                           1           0  0.51s           2025-10-17T21:10:12
================================================================================
[2025-10-17T21:11:03.698+0000] {manager.py:878} INFO - 
================================================================================
DAG File Processing Stats

File Path                      PID    Runtime      # DAGs    # Errors  Last Runtime    Last Run
-----------------------------  -----  ---------  --------  ----------  --------------  -------------------
/opt/airflow/dags/airflow1.py                           1           0  0.49s           2025-10-17T21:10:43
================================================================================
[2025-10-17T21:11:29.382+0000] {manager.py:737} INFO - Searching for files in /opt/airflow/dags
[2025-10-17T21:11:29.399+0000] {manager.py:740} INFO - There are 1 files in /opt/airflow/dags
[2025-10-17T21:11:34.443+0000] {manager.py:878} INFO - 
================================================================================
DAG File Processing Stats

File Path                      PID    Runtime      # DAGs    # Errors  Last Runtime    Last Run
-----------------------------  -----  ---------  --------  ----------  --------------  -------------------
/opt/airflow/dags/airflow1.py                           1           0  0.53s           2025-10-17T21:11:14
================================================================================
[2025-10-17T21:12:04.701+0000] {manager.py:878} INFO - 
================================================================================
DAG File Processing Stats

File Path                      PID    Runtime      # DAGs    # Errors  Last Runtime    Last Run
-----------------------------  -----  ---------  --------  ----------  --------------  -------------------
/opt/airflow/dags/airflow1.py                           1           0  0.48s           2025-10-17T21:11:45
================================================================================
[2025-10-17T21:12:34.934+0000] {manager.py:878} INFO - 
================================================================================
DAG File Processing Stats

File Path                      PID    Runtime      # DAGs    # Errors  Last Runtime    Last Run
-----------------------------  -----  ---------  --------  ----------  --------------  -------------------
/opt/airflow/dags/airflow1.py                           1           0  0.55s           2025-10-17T21:12:15
================================================================================
[2025-10-17T21:13:05.198+0000] {manager.py:878} INFO - 
================================================================================
DAG File Processing Stats

File Path                      PID    Runtime      # DAGs    # Errors  Last Runtime    Last Run
-----------------------------  -----  ---------  --------  ----------  --------------  -------------------
/opt/airflow/dags/airflow1.py                           1           0  0.55s           2025-10-17T21:12:46
================================================================================
[2025-10-17T21:13:35.410+0000] {manager.py:878} INFO - 
================================================================================
DAG File Processing Stats

File Path                      PID    Runtime      # DAGs    # Errors  Last Runtime    Last Run
-----------------------------  -----  ---------  --------  ----------  --------------  -------------------
/opt/airflow/dags/airflow1.py                           1           0  0.56s           2025-10-17T21:13:17
================================================================================
[2025-10-17T21:14:05.802+0000] {manager.py:878} INFO - 
================================================================================
DAG File Processing Stats

File Path                      PID    Runtime      # DAGs    # Errors  Last Runtime    Last Run
-----------------------------  -----  ---------  --------  ----------  --------------  -------------------
/opt/airflow/dags/airflow1.py                           1           0  0.47s           2025-10-17T21:13:47
================================================================================
[2025-10-17T21:14:35.868+0000] {manager.py:878} INFO - 
================================================================================
DAG File Processing Stats

File Path                      PID    Runtime      # DAGs    # Errors  Last Runtime    Last Run
-----------------------------  -----  ---------  --------  ----------  --------------  -------------------
/opt/airflow/dags/airflow1.py                           1           0  0.52s           2025-10-17T21:14:18
================================================================================
[2025-10-17T21:15:06.594+0000] {manager.py:878} INFO - 
================================================================================
DAG File Processing Stats

File Path                      PID    Runtime      # DAGs    # Errors  Last Runtime    Last Run
-----------------------------  -----  ---------  --------  ----------  --------------  -------------------
/opt/airflow/dags/airflow1.py                           1           0  0.52s           2025-10-17T21:14:49
================================================================================
[2025-10-17T21:15:36.870+0000] {manager.py:878} INFO - 
================================================================================
DAG File Processing Stats

File Path                      PID    Runtime      # DAGs    # Errors  Last Runtime    Last Run
-----------------------------  -----  ---------  --------  ----------  --------------  -------------------
/opt/airflow/dags/airflow1.py                           1           0  0.53s           2025-10-17T21:15:20
================================================================================
[2025-10-17T21:16:07.048+0000] {manager.py:878} INFO - 
================================================================================
DAG File Processing Stats

File Path                      PID    Runtime      # DAGs    # Errors  Last Runtime    Last Run
-----------------------------  -----  ---------  --------  ----------  --------------  -------------------
/opt/airflow/dags/airflow1.py                           1           0  0.44s           2025-10-17T21:15:50
================================================================================
[2025-10-17T21:16:29.655+0000] {manager.py:737} INFO - Searching for files in /opt/airflow/dags
[2025-10-17T21:16:29.672+0000] {manager.py:740} INFO - There are 1 files in /opt/airflow/dags
[2025-10-17T21:16:37.246+0000] {manager.py:878} INFO - 
================================================================================
DAG File Processing Stats

File Path                      PID    Runtime      # DAGs    # Errors  Last Runtime    Last Run
-----------------------------  -----  ---------  --------  ----------  --------------  -------------------
/opt/airflow/dags/airflow1.py                           1           0  0.43s           2025-10-17T21:16:21
================================================================================
[2025-10-17T21:17:07.489+0000] {manager.py:878} INFO - 
================================================================================
DAG File Processing Stats

File Path                      PID    Runtime      # DAGs    # Errors  Last Runtime    Last Run
-----------------------------  -----  ---------  --------  ----------  --------------  -------------------
/opt/airflow/dags/airflow1.py                           1           0  0.60s           2025-10-17T21:16:52
================================================================================
[2025-10-17T21:17:37.826+0000] {manager.py:878} INFO - 
================================================================================
DAG File Processing Stats

File Path                      PID    Runtime      # DAGs    # Errors  Last Runtime    Last Run
-----------------------------  -----  ---------  --------  ----------  --------------  -------------------
/opt/airflow/dags/airflow1.py                           1           0  0.45s           2025-10-17T21:17:23
================================================================================
[2025-10-17T21:18:07.962+0000] {manager.py:878} INFO - 
================================================================================
DAG File Processing Stats

File Path                      PID    Runtime      # DAGs    # Errors  Last Runtime    Last Run
-----------------------------  -----  ---------  --------  ----------  --------------  -------------------
/opt/airflow/dags/airflow1.py                           1           0  0.50s           2025-10-17T21:17:53
================================================================================
[2025-10-17T21:18:38.220+0000] {manager.py:878} INFO - 
================================================================================
DAG File Processing Stats

File Path                      PID    Runtime      # DAGs    # Errors  Last Runtime    Last Run
-----------------------------  -----  ---------  --------  ----------  --------------  -------------------
/opt/airflow/dags/airflow1.py                           1           0  0.49s           2025-10-17T21:18:24
================================================================================
[2025-10-17T21:19:08.465+0000] {manager.py:878} INFO - 
================================================================================
DAG File Processing Stats

File Path                      PID    Runtime      # DAGs    # Errors  Last Runtime    Last Run
-----------------------------  -----  ---------  --------  ----------  --------------  -------------------
/opt/airflow/dags/airflow1.py                           1           0  0.50s           2025-10-17T21:18:55
================================================================================
[2025-10-17T21:19:38.730+0000] {manager.py:878} INFO - 
================================================================================
DAG File Processing Stats

File Path                      PID    Runtime      # DAGs    # Errors  Last Runtime    Last Run
-----------------------------  -----  ---------  --------  ----------  --------------  -------------------
/opt/airflow/dags/airflow1.py                           1           0  0.45s           2025-10-17T21:19:26
================================================================================
[2025-10-17T21:20:08.941+0000] {manager.py:878} INFO - 
================================================================================
DAG File Processing Stats

File Path                      PID    Runtime      # DAGs    # Errors  Last Runtime    Last Run
-----------------------------  -----  ---------  --------  ----------  --------------  -------------------
/opt/airflow/dags/airflow1.py                           1           0  0.52s           2025-10-17T21:19:56
================================================================================
[2025-10-17T21:20:39.189+0000] {manager.py:878} INFO - 
================================================================================
DAG File Processing Stats

File Path                      PID    Runtime      # DAGs    # Errors  Last Runtime    Last Run
-----------------------------  -----  ---------  --------  ----------  --------------  -------------------
/opt/airflow/dags/airflow1.py                           1           0  0.44s           2025-10-17T21:20:27
================================================================================
[2025-10-17T21:21:09.316+0000] {manager.py:878} INFO - 
================================================================================
DAG File Processing Stats

File Path                      PID    Runtime      # DAGs    # Errors  Last Runtime    Last Run
-----------------------------  -----  ---------  --------  ----------  --------------  -------------------
/opt/airflow/dags/airflow1.py                           1           0  0.43s           2025-10-17T21:20:58
================================================================================
[2025-10-17T21:21:30.034+0000] {manager.py:737} INFO - Searching for files in /opt/airflow/dags
[2025-10-17T21:21:30.047+0000] {manager.py:740} INFO - There are 1 files in /opt/airflow/dags
[2025-10-17T21:21:39.573+0000] {manager.py:878} INFO - 
================================================================================
DAG File Processing Stats

File Path                      PID    Runtime      # DAGs    # Errors  Last Runtime    Last Run
-----------------------------  -----  ---------  --------  ----------  --------------  -------------------
/opt/airflow/dags/airflow1.py                           1           0  0.55s           2025-10-17T21:21:29
================================================================================
[2025-10-17T21:22:09.830+0000] {manager.py:878} INFO - 
================================================================================
DAG File Processing Stats

File Path                      PID    Runtime      # DAGs    # Errors  Last Runtime    Last Run
-----------------------------  -----  ---------  --------  ----------  --------------  -------------------
/opt/airflow/dags/airflow1.py                           1           0  0.45s           2025-10-17T21:21:59
================================================================================
[2025-10-17T21:22:40.108+0000] {manager.py:878} INFO - 
================================================================================
DAG File Processing Stats

File Path                      PID    Runtime      # DAGs    # Errors  Last Runtime    Last Run
-----------------------------  -----  ---------  --------  ----------  --------------  -------------------
/opt/airflow/dags/airflow1.py                           1           0  0.52s           2025-10-17T21:22:30
================================================================================
[2025-10-17T21:23:10.298+0000] {manager.py:878} INFO - 
================================================================================
DAG File Processing Stats

File Path                      PID    Runtime      # DAGs    # Errors  Last Runtime    Last Run
-----------------------------  -----  ---------  --------  ----------  --------------  -------------------
/opt/airflow/dags/airflow1.py                           1           0  0.46s           2025-10-17T21:23:01
================================================================================
[2025-10-17T21:23:41.109+0000] {manager.py:878} INFO - 
================================================================================
DAG File Processing Stats

File Path                      PID    Runtime      # DAGs    # Errors  Last Runtime    Last Run
-----------------------------  -----  ---------  --------  ----------  --------------  -------------------
/opt/airflow/dags/airflow1.py                           1           0  0.61s           2025-10-17T21:23:32
================================================================================
[2025-10-17T21:24:11.383+0000] {manager.py:878} INFO - 
================================================================================
DAG File Processing Stats

File Path                      PID    Runtime      # DAGs    # Errors  Last Runtime    Last Run
-----------------------------  -----  ---------  --------  ----------  --------------  -------------------
/opt/airflow/dags/airflow1.py                           1           0  0.45s           2025-10-17T21:24:02
================================================================================
