[2025-10-17T22:53:10.982+0000] {processor.py:161} INFO - Started process (PID=551) to work on /opt/airflow/dags/Flask_API.py
[2025-10-17T22:53:10.982+0000] {processor.py:830} INFO - Processing file /opt/airflow/dags/Flask_API.py for tasks to queue
[2025-10-17T22:53:10.983+0000] {logging_mixin.py:188} INFO - [2025-10-17T22:53:10.982+0000] {dagbag.py:545} INFO - Filling up the DagBag from /opt/airflow/dags/Flask_API.py
[2025-10-17T22:53:10.989+0000] {processor.py:840} INFO - DAG(s) 'Airflow_Lab2_Flask' retrieved from /opt/airflow/dags/Flask_API.py
[2025-10-17T22:53:11.022+0000] {logging_mixin.py:188} INFO - [2025-10-17T22:53:11.022+0000] {dag.py:3096} INFO - Sync 1 DAGs
[2025-10-17T22:53:11.026+0000] {logging_mixin.py:188} INFO - [2025-10-17T22:53:11.026+0000] {dag.py:3954} INFO - Setting next_dagrun for Airflow_Lab2_Flask to None, run_after=None
[2025-10-17T22:53:11.031+0000] {processor.py:183} INFO - Processing /opt/airflow/dags/Flask_API.py took 0.052 seconds
[2025-10-17T22:53:41.267+0000] {processor.py:161} INFO - Started process (PID=563) to work on /opt/airflow/dags/Flask_API.py
[2025-10-17T22:53:41.268+0000] {processor.py:830} INFO - Processing file /opt/airflow/dags/Flask_API.py for tasks to queue
[2025-10-17T22:53:41.269+0000] {logging_mixin.py:188} INFO - [2025-10-17T22:53:41.269+0000] {dagbag.py:545} INFO - Filling up the DagBag from /opt/airflow/dags/Flask_API.py
[2025-10-17T22:53:41.282+0000] {processor.py:840} INFO - DAG(s) 'Airflow_Lab2_Flask' retrieved from /opt/airflow/dags/Flask_API.py
[2025-10-17T22:53:41.326+0000] {logging_mixin.py:188} INFO - [2025-10-17T22:53:41.326+0000] {dag.py:3096} INFO - Sync 1 DAGs
[2025-10-17T22:53:41.330+0000] {logging_mixin.py:188} INFO - [2025-10-17T22:53:41.329+0000] {dag.py:3954} INFO - Setting next_dagrun for Airflow_Lab2_Flask to None, run_after=None
[2025-10-17T22:53:41.335+0000] {processor.py:183} INFO - Processing /opt/airflow/dags/Flask_API.py took 0.074 seconds
[2025-10-17T22:54:11.544+0000] {processor.py:161} INFO - Started process (PID=575) to work on /opt/airflow/dags/Flask_API.py
[2025-10-17T22:54:11.545+0000] {processor.py:830} INFO - Processing file /opt/airflow/dags/Flask_API.py for tasks to queue
[2025-10-17T22:54:11.547+0000] {logging_mixin.py:188} INFO - [2025-10-17T22:54:11.546+0000] {dagbag.py:545} INFO - Filling up the DagBag from /opt/airflow/dags/Flask_API.py
[2025-10-17T22:54:11.559+0000] {processor.py:840} INFO - DAG(s) 'Airflow_Lab2_Flask' retrieved from /opt/airflow/dags/Flask_API.py
[2025-10-17T22:54:11.607+0000] {logging_mixin.py:188} INFO - [2025-10-17T22:54:11.607+0000] {dag.py:3096} INFO - Sync 1 DAGs
[2025-10-17T22:54:11.612+0000] {logging_mixin.py:188} INFO - [2025-10-17T22:54:11.612+0000] {dag.py:3954} INFO - Setting next_dagrun for Airflow_Lab2_Flask to None, run_after=None
[2025-10-17T22:54:11.619+0000] {processor.py:183} INFO - Processing /opt/airflow/dags/Flask_API.py took 0.080 seconds
[2025-10-17T22:54:41.812+0000] {processor.py:161} INFO - Started process (PID=587) to work on /opt/airflow/dags/Flask_API.py
[2025-10-17T22:54:41.812+0000] {processor.py:830} INFO - Processing file /opt/airflow/dags/Flask_API.py for tasks to queue
[2025-10-17T22:54:41.813+0000] {logging_mixin.py:188} INFO - [2025-10-17T22:54:41.813+0000] {dagbag.py:545} INFO - Filling up the DagBag from /opt/airflow/dags/Flask_API.py
[2025-10-17T22:54:41.819+0000] {processor.py:840} INFO - DAG(s) 'Airflow_Lab2_Flask' retrieved from /opt/airflow/dags/Flask_API.py
[2025-10-17T22:54:41.857+0000] {logging_mixin.py:188} INFO - [2025-10-17T22:54:41.857+0000] {dag.py:3096} INFO - Sync 1 DAGs
[2025-10-17T22:54:41.861+0000] {logging_mixin.py:188} INFO - [2025-10-17T22:54:41.861+0000] {dag.py:3954} INFO - Setting next_dagrun for Airflow_Lab2_Flask to None, run_after=None
[2025-10-17T22:54:41.867+0000] {processor.py:183} INFO - Processing /opt/airflow/dags/Flask_API.py took 0.058 seconds
[2025-10-17T22:55:12.056+0000] {processor.py:161} INFO - Started process (PID=599) to work on /opt/airflow/dags/Flask_API.py
[2025-10-17T22:55:12.057+0000] {processor.py:830} INFO - Processing file /opt/airflow/dags/Flask_API.py for tasks to queue
[2025-10-17T22:55:12.059+0000] {logging_mixin.py:188} INFO - [2025-10-17T22:55:12.059+0000] {dagbag.py:545} INFO - Filling up the DagBag from /opt/airflow/dags/Flask_API.py
[2025-10-17T22:55:12.069+0000] {processor.py:840} INFO - DAG(s) 'Airflow_Lab2_Flask' retrieved from /opt/airflow/dags/Flask_API.py
[2025-10-17T22:55:12.113+0000] {logging_mixin.py:188} INFO - [2025-10-17T22:55:12.112+0000] {dag.py:3096} INFO - Sync 1 DAGs
[2025-10-17T22:55:12.116+0000] {logging_mixin.py:188} INFO - [2025-10-17T22:55:12.116+0000] {dag.py:3954} INFO - Setting next_dagrun for Airflow_Lab2_Flask to None, run_after=None
[2025-10-17T22:55:12.122+0000] {processor.py:183} INFO - Processing /opt/airflow/dags/Flask_API.py took 0.072 seconds
[2025-10-17T22:55:42.304+0000] {processor.py:161} INFO - Started process (PID=611) to work on /opt/airflow/dags/Flask_API.py
[2025-10-17T22:55:42.304+0000] {processor.py:830} INFO - Processing file /opt/airflow/dags/Flask_API.py for tasks to queue
[2025-10-17T22:55:42.306+0000] {logging_mixin.py:188} INFO - [2025-10-17T22:55:42.306+0000] {dagbag.py:545} INFO - Filling up the DagBag from /opt/airflow/dags/Flask_API.py
[2025-10-17T22:55:42.316+0000] {processor.py:840} INFO - DAG(s) 'Airflow_Lab2_Flask' retrieved from /opt/airflow/dags/Flask_API.py
[2025-10-17T22:55:42.360+0000] {logging_mixin.py:188} INFO - [2025-10-17T22:55:42.360+0000] {dag.py:3096} INFO - Sync 1 DAGs
[2025-10-17T22:55:42.363+0000] {logging_mixin.py:188} INFO - [2025-10-17T22:55:42.363+0000] {dag.py:3954} INFO - Setting next_dagrun for Airflow_Lab2_Flask to None, run_after=None
[2025-10-17T22:55:42.370+0000] {processor.py:183} INFO - Processing /opt/airflow/dags/Flask_API.py took 0.072 seconds
[2025-10-17T22:56:12.547+0000] {processor.py:161} INFO - Started process (PID=623) to work on /opt/airflow/dags/Flask_API.py
[2025-10-17T22:56:12.548+0000] {processor.py:830} INFO - Processing file /opt/airflow/dags/Flask_API.py for tasks to queue
[2025-10-17T22:56:12.550+0000] {logging_mixin.py:188} INFO - [2025-10-17T22:56:12.549+0000] {dagbag.py:545} INFO - Filling up the DagBag from /opt/airflow/dags/Flask_API.py
[2025-10-17T22:56:12.559+0000] {processor.py:840} INFO - DAG(s) 'Airflow_Lab2_Flask' retrieved from /opt/airflow/dags/Flask_API.py
[2025-10-17T22:56:12.599+0000] {logging_mixin.py:188} INFO - [2025-10-17T22:56:12.599+0000] {dag.py:3096} INFO - Sync 1 DAGs
[2025-10-17T22:56:12.603+0000] {logging_mixin.py:188} INFO - [2025-10-17T22:56:12.603+0000] {dag.py:3954} INFO - Setting next_dagrun for Airflow_Lab2_Flask to None, run_after=None
[2025-10-17T22:56:12.609+0000] {processor.py:183} INFO - Processing /opt/airflow/dags/Flask_API.py took 0.066 seconds
[2025-10-17T22:56:42.818+0000] {processor.py:161} INFO - Started process (PID=635) to work on /opt/airflow/dags/Flask_API.py
[2025-10-17T22:56:42.818+0000] {processor.py:830} INFO - Processing file /opt/airflow/dags/Flask_API.py for tasks to queue
[2025-10-17T22:56:42.819+0000] {logging_mixin.py:188} INFO - [2025-10-17T22:56:42.819+0000] {dagbag.py:545} INFO - Filling up the DagBag from /opt/airflow/dags/Flask_API.py
[2025-10-17T22:56:42.824+0000] {processor.py:840} INFO - DAG(s) 'Airflow_Lab2_Flask' retrieved from /opt/airflow/dags/Flask_API.py
[2025-10-17T22:56:42.858+0000] {logging_mixin.py:188} INFO - [2025-10-17T22:56:42.858+0000] {dag.py:3096} INFO - Sync 1 DAGs
[2025-10-17T22:56:42.862+0000] {logging_mixin.py:188} INFO - [2025-10-17T22:56:42.862+0000] {dag.py:3954} INFO - Setting next_dagrun for Airflow_Lab2_Flask to None, run_after=None
[2025-10-17T22:56:42.868+0000] {processor.py:183} INFO - Processing /opt/airflow/dags/Flask_API.py took 0.052 seconds
[2025-10-17T22:57:13.095+0000] {processor.py:161} INFO - Started process (PID=647) to work on /opt/airflow/dags/Flask_API.py
[2025-10-17T22:57:13.095+0000] {processor.py:830} INFO - Processing file /opt/airflow/dags/Flask_API.py for tasks to queue
[2025-10-17T22:57:13.097+0000] {logging_mixin.py:188} INFO - [2025-10-17T22:57:13.096+0000] {dagbag.py:545} INFO - Filling up the DagBag from /opt/airflow/dags/Flask_API.py
[2025-10-17T22:57:13.103+0000] {processor.py:840} INFO - DAG(s) 'Airflow_Lab2_Flask' retrieved from /opt/airflow/dags/Flask_API.py
[2025-10-17T22:57:13.139+0000] {logging_mixin.py:188} INFO - [2025-10-17T22:57:13.139+0000] {dag.py:3096} INFO - Sync 1 DAGs
[2025-10-17T22:57:13.143+0000] {logging_mixin.py:188} INFO - [2025-10-17T22:57:13.143+0000] {dag.py:3954} INFO - Setting next_dagrun for Airflow_Lab2_Flask to None, run_after=None
[2025-10-17T22:57:13.149+0000] {processor.py:183} INFO - Processing /opt/airflow/dags/Flask_API.py took 0.056 seconds
[2025-10-17T22:57:43.353+0000] {processor.py:161} INFO - Started process (PID=655) to work on /opt/airflow/dags/Flask_API.py
[2025-10-17T22:57:43.354+0000] {processor.py:830} INFO - Processing file /opt/airflow/dags/Flask_API.py for tasks to queue
[2025-10-17T22:57:43.356+0000] {logging_mixin.py:188} INFO - [2025-10-17T22:57:43.356+0000] {dagbag.py:545} INFO - Filling up the DagBag from /opt/airflow/dags/Flask_API.py
[2025-10-17T22:57:43.367+0000] {processor.py:840} INFO - DAG(s) 'Airflow_Lab2_Flask' retrieved from /opt/airflow/dags/Flask_API.py
[2025-10-17T22:57:43.419+0000] {logging_mixin.py:188} INFO - [2025-10-17T22:57:43.418+0000] {dag.py:3096} INFO - Sync 1 DAGs
[2025-10-17T22:57:43.424+0000] {logging_mixin.py:188} INFO - [2025-10-17T22:57:43.424+0000] {dag.py:3954} INFO - Setting next_dagrun for Airflow_Lab2_Flask to None, run_after=None
[2025-10-17T22:57:43.432+0000] {processor.py:183} INFO - Processing /opt/airflow/dags/Flask_API.py took 0.082 seconds
[2025-10-17T22:58:13.660+0000] {processor.py:161} INFO - Started process (PID=666) to work on /opt/airflow/dags/Flask_API.py
[2025-10-17T22:58:13.661+0000] {processor.py:830} INFO - Processing file /opt/airflow/dags/Flask_API.py for tasks to queue
[2025-10-17T22:58:13.662+0000] {logging_mixin.py:188} INFO - [2025-10-17T22:58:13.662+0000] {dagbag.py:545} INFO - Filling up the DagBag from /opt/airflow/dags/Flask_API.py
[2025-10-17T22:58:13.672+0000] {processor.py:840} INFO - DAG(s) 'Airflow_Lab2_Flask' retrieved from /opt/airflow/dags/Flask_API.py
[2025-10-17T22:58:13.713+0000] {logging_mixin.py:188} INFO - [2025-10-17T22:58:13.713+0000] {dag.py:3096} INFO - Sync 1 DAGs
[2025-10-17T22:58:13.717+0000] {logging_mixin.py:188} INFO - [2025-10-17T22:58:13.717+0000] {dag.py:3954} INFO - Setting next_dagrun for Airflow_Lab2_Flask to None, run_after=None
[2025-10-17T22:58:13.724+0000] {processor.py:183} INFO - Processing /opt/airflow/dags/Flask_API.py took 0.069 seconds
[2025-10-17T22:58:43.913+0000] {processor.py:161} INFO - Started process (PID=677) to work on /opt/airflow/dags/Flask_API.py
[2025-10-17T22:58:43.913+0000] {processor.py:830} INFO - Processing file /opt/airflow/dags/Flask_API.py for tasks to queue
[2025-10-17T22:58:43.914+0000] {logging_mixin.py:188} INFO - [2025-10-17T22:58:43.913+0000] {dagbag.py:545} INFO - Filling up the DagBag from /opt/airflow/dags/Flask_API.py
[2025-10-17T22:58:43.920+0000] {processor.py:840} INFO - DAG(s) 'Airflow_Lab2_Flask' retrieved from /opt/airflow/dags/Flask_API.py
[2025-10-17T22:58:43.958+0000] {logging_mixin.py:188} INFO - [2025-10-17T22:58:43.958+0000] {dag.py:3096} INFO - Sync 1 DAGs
[2025-10-17T22:58:43.961+0000] {logging_mixin.py:188} INFO - [2025-10-17T22:58:43.961+0000] {dag.py:3954} INFO - Setting next_dagrun for Airflow_Lab2_Flask to None, run_after=None
[2025-10-17T22:58:43.967+0000] {processor.py:183} INFO - Processing /opt/airflow/dags/Flask_API.py took 0.057 seconds
[2025-10-17T22:59:14.196+0000] {processor.py:161} INFO - Started process (PID=689) to work on /opt/airflow/dags/Flask_API.py
[2025-10-17T22:59:14.197+0000] {processor.py:830} INFO - Processing file /opt/airflow/dags/Flask_API.py for tasks to queue
[2025-10-17T22:59:14.198+0000] {logging_mixin.py:188} INFO - [2025-10-17T22:59:14.198+0000] {dagbag.py:545} INFO - Filling up the DagBag from /opt/airflow/dags/Flask_API.py
[2025-10-17T22:59:14.211+0000] {processor.py:840} INFO - DAG(s) 'Airflow_Lab2_Flask' retrieved from /opt/airflow/dags/Flask_API.py
[2025-10-17T22:59:14.267+0000] {logging_mixin.py:188} INFO - [2025-10-17T22:59:14.267+0000] {dag.py:3096} INFO - Sync 1 DAGs
[2025-10-17T22:59:14.272+0000] {logging_mixin.py:188} INFO - [2025-10-17T22:59:14.272+0000] {dag.py:3954} INFO - Setting next_dagrun for Airflow_Lab2_Flask to None, run_after=None
[2025-10-17T22:59:14.279+0000] {processor.py:183} INFO - Processing /opt/airflow/dags/Flask_API.py took 0.088 seconds
[2025-10-17T22:59:44.515+0000] {processor.py:161} INFO - Started process (PID=701) to work on /opt/airflow/dags/Flask_API.py
[2025-10-17T22:59:44.515+0000] {processor.py:830} INFO - Processing file /opt/airflow/dags/Flask_API.py for tasks to queue
[2025-10-17T22:59:44.517+0000] {logging_mixin.py:188} INFO - [2025-10-17T22:59:44.517+0000] {dagbag.py:545} INFO - Filling up the DagBag from /opt/airflow/dags/Flask_API.py
[2025-10-17T22:59:44.530+0000] {processor.py:840} INFO - DAG(s) 'Airflow_Lab2_Flask' retrieved from /opt/airflow/dags/Flask_API.py
[2025-10-17T22:59:44.579+0000] {logging_mixin.py:188} INFO - [2025-10-17T22:59:44.579+0000] {dag.py:3096} INFO - Sync 1 DAGs
[2025-10-17T22:59:44.583+0000] {logging_mixin.py:188} INFO - [2025-10-17T22:59:44.582+0000] {dag.py:3954} INFO - Setting next_dagrun for Airflow_Lab2_Flask to None, run_after=None
[2025-10-17T22:59:44.589+0000] {processor.py:183} INFO - Processing /opt/airflow/dags/Flask_API.py took 0.080 seconds
[2025-10-17T23:00:14.808+0000] {processor.py:161} INFO - Started process (PID=713) to work on /opt/airflow/dags/Flask_API.py
[2025-10-17T23:00:14.809+0000] {processor.py:830} INFO - Processing file /opt/airflow/dags/Flask_API.py for tasks to queue
[2025-10-17T23:00:14.811+0000] {logging_mixin.py:188} INFO - [2025-10-17T23:00:14.810+0000] {dagbag.py:545} INFO - Filling up the DagBag from /opt/airflow/dags/Flask_API.py
[2025-10-17T23:00:14.824+0000] {processor.py:840} INFO - DAG(s) 'Airflow_Lab2_Flask' retrieved from /opt/airflow/dags/Flask_API.py
[2025-10-17T23:00:14.877+0000] {logging_mixin.py:188} INFO - [2025-10-17T23:00:14.877+0000] {dag.py:3096} INFO - Sync 1 DAGs
[2025-10-17T23:00:14.881+0000] {logging_mixin.py:188} INFO - [2025-10-17T23:00:14.881+0000] {dag.py:3954} INFO - Setting next_dagrun for Airflow_Lab2_Flask to None, run_after=None
[2025-10-17T23:00:14.888+0000] {processor.py:183} INFO - Processing /opt/airflow/dags/Flask_API.py took 0.086 seconds
[2025-10-17T23:00:45.106+0000] {processor.py:161} INFO - Started process (PID=725) to work on /opt/airflow/dags/Flask_API.py
[2025-10-17T23:00:45.106+0000] {processor.py:830} INFO - Processing file /opt/airflow/dags/Flask_API.py for tasks to queue
[2025-10-17T23:00:45.108+0000] {logging_mixin.py:188} INFO - [2025-10-17T23:00:45.108+0000] {dagbag.py:545} INFO - Filling up the DagBag from /opt/airflow/dags/Flask_API.py
[2025-10-17T23:00:45.120+0000] {processor.py:840} INFO - DAG(s) 'Airflow_Lab2_Flask' retrieved from /opt/airflow/dags/Flask_API.py
[2025-10-17T23:00:45.171+0000] {logging_mixin.py:188} INFO - [2025-10-17T23:00:45.170+0000] {dag.py:3096} INFO - Sync 1 DAGs
[2025-10-17T23:00:45.175+0000] {logging_mixin.py:188} INFO - [2025-10-17T23:00:45.175+0000] {dag.py:3954} INFO - Setting next_dagrun for Airflow_Lab2_Flask to None, run_after=None
[2025-10-17T23:00:45.182+0000] {processor.py:183} INFO - Processing /opt/airflow/dags/Flask_API.py took 0.081 seconds
[2025-10-17T23:01:15.394+0000] {processor.py:161} INFO - Started process (PID=737) to work on /opt/airflow/dags/Flask_API.py
[2025-10-17T23:01:15.395+0000] {processor.py:830} INFO - Processing file /opt/airflow/dags/Flask_API.py for tasks to queue
[2025-10-17T23:01:15.397+0000] {logging_mixin.py:188} INFO - [2025-10-17T23:01:15.397+0000] {dagbag.py:545} INFO - Filling up the DagBag from /opt/airflow/dags/Flask_API.py
[2025-10-17T23:01:15.410+0000] {processor.py:840} INFO - DAG(s) 'Airflow_Lab2_Flask' retrieved from /opt/airflow/dags/Flask_API.py
[2025-10-17T23:01:15.459+0000] {logging_mixin.py:188} INFO - [2025-10-17T23:01:15.459+0000] {dag.py:3096} INFO - Sync 1 DAGs
[2025-10-17T23:01:15.463+0000] {logging_mixin.py:188} INFO - [2025-10-17T23:01:15.463+0000] {dag.py:3954} INFO - Setting next_dagrun for Airflow_Lab2_Flask to None, run_after=None
[2025-10-17T23:01:15.469+0000] {processor.py:183} INFO - Processing /opt/airflow/dags/Flask_API.py took 0.080 seconds
[2025-10-17T23:01:45.676+0000] {processor.py:161} INFO - Started process (PID=749) to work on /opt/airflow/dags/Flask_API.py
[2025-10-17T23:01:45.677+0000] {processor.py:830} INFO - Processing file /opt/airflow/dags/Flask_API.py for tasks to queue
[2025-10-17T23:01:45.679+0000] {logging_mixin.py:188} INFO - [2025-10-17T23:01:45.678+0000] {dagbag.py:545} INFO - Filling up the DagBag from /opt/airflow/dags/Flask_API.py
[2025-10-17T23:01:45.688+0000] {processor.py:840} INFO - DAG(s) 'Airflow_Lab2_Flask' retrieved from /opt/airflow/dags/Flask_API.py
[2025-10-17T23:01:45.732+0000] {logging_mixin.py:188} INFO - [2025-10-17T23:01:45.732+0000] {dag.py:3096} INFO - Sync 1 DAGs
[2025-10-17T23:01:45.736+0000] {logging_mixin.py:188} INFO - [2025-10-17T23:01:45.736+0000] {dag.py:3954} INFO - Setting next_dagrun for Airflow_Lab2_Flask to None, run_after=None
[2025-10-17T23:01:45.742+0000] {processor.py:183} INFO - Processing /opt/airflow/dags/Flask_API.py took 0.072 seconds
[2025-10-17T23:02:15.976+0000] {processor.py:161} INFO - Started process (PID=761) to work on /opt/airflow/dags/Flask_API.py
[2025-10-17T23:02:15.977+0000] {processor.py:830} INFO - Processing file /opt/airflow/dags/Flask_API.py for tasks to queue
[2025-10-17T23:02:15.979+0000] {logging_mixin.py:188} INFO - [2025-10-17T23:02:15.979+0000] {dagbag.py:545} INFO - Filling up the DagBag from /opt/airflow/dags/Flask_API.py
[2025-10-17T23:02:15.991+0000] {processor.py:840} INFO - DAG(s) 'Airflow_Lab2_Flask' retrieved from /opt/airflow/dags/Flask_API.py
[2025-10-17T23:02:16.038+0000] {logging_mixin.py:188} INFO - [2025-10-17T23:02:16.038+0000] {dag.py:3096} INFO - Sync 1 DAGs
[2025-10-17T23:02:16.041+0000] {logging_mixin.py:188} INFO - [2025-10-17T23:02:16.041+0000] {dag.py:3954} INFO - Setting next_dagrun for Airflow_Lab2_Flask to None, run_after=None
[2025-10-17T23:02:16.048+0000] {processor.py:183} INFO - Processing /opt/airflow/dags/Flask_API.py took 0.077 seconds
[2025-10-17T23:02:46.279+0000] {processor.py:161} INFO - Started process (PID=773) to work on /opt/airflow/dags/Flask_API.py
[2025-10-17T23:02:46.279+0000] {processor.py:830} INFO - Processing file /opt/airflow/dags/Flask_API.py for tasks to queue
[2025-10-17T23:02:46.280+0000] {logging_mixin.py:188} INFO - [2025-10-17T23:02:46.280+0000] {dagbag.py:545} INFO - Filling up the DagBag from /opt/airflow/dags/Flask_API.py
[2025-10-17T23:02:46.287+0000] {processor.py:840} INFO - DAG(s) 'Airflow_Lab2_Flask' retrieved from /opt/airflow/dags/Flask_API.py
[2025-10-17T23:02:46.327+0000] {logging_mixin.py:188} INFO - [2025-10-17T23:02:46.327+0000] {dag.py:3096} INFO - Sync 1 DAGs
[2025-10-17T23:02:46.331+0000] {logging_mixin.py:188} INFO - [2025-10-17T23:02:46.331+0000] {dag.py:3954} INFO - Setting next_dagrun for Airflow_Lab2_Flask to None, run_after=None
[2025-10-17T23:02:46.339+0000] {processor.py:183} INFO - Processing /opt/airflow/dags/Flask_API.py took 0.063 seconds
[2025-10-17T23:03:16.548+0000] {processor.py:161} INFO - Started process (PID=785) to work on /opt/airflow/dags/Flask_API.py
[2025-10-17T23:03:16.548+0000] {processor.py:830} INFO - Processing file /opt/airflow/dags/Flask_API.py for tasks to queue
[2025-10-17T23:03:16.549+0000] {logging_mixin.py:188} INFO - [2025-10-17T23:03:16.549+0000] {dagbag.py:545} INFO - Filling up the DagBag from /opt/airflow/dags/Flask_API.py
[2025-10-17T23:03:16.556+0000] {processor.py:840} INFO - DAG(s) 'Airflow_Lab2_Flask' retrieved from /opt/airflow/dags/Flask_API.py
[2025-10-17T23:03:16.599+0000] {logging_mixin.py:188} INFO - [2025-10-17T23:03:16.599+0000] {dag.py:3096} INFO - Sync 1 DAGs
[2025-10-17T23:03:16.603+0000] {logging_mixin.py:188} INFO - [2025-10-17T23:03:16.603+0000] {dag.py:3954} INFO - Setting next_dagrun for Airflow_Lab2_Flask to None, run_after=None
[2025-10-17T23:03:16.611+0000] {processor.py:183} INFO - Processing /opt/airflow/dags/Flask_API.py took 0.066 seconds
[2025-10-17T23:03:46.842+0000] {processor.py:161} INFO - Started process (PID=797) to work on /opt/airflow/dags/Flask_API.py
[2025-10-17T23:03:46.843+0000] {processor.py:830} INFO - Processing file /opt/airflow/dags/Flask_API.py for tasks to queue
[2025-10-17T23:03:46.845+0000] {logging_mixin.py:188} INFO - [2025-10-17T23:03:46.844+0000] {dagbag.py:545} INFO - Filling up the DagBag from /opt/airflow/dags/Flask_API.py
[2025-10-17T23:03:46.855+0000] {processor.py:840} INFO - DAG(s) 'Airflow_Lab2_Flask' retrieved from /opt/airflow/dags/Flask_API.py
[2025-10-17T23:03:46.900+0000] {logging_mixin.py:188} INFO - [2025-10-17T23:03:46.900+0000] {dag.py:3096} INFO - Sync 1 DAGs
[2025-10-17T23:03:46.904+0000] {logging_mixin.py:188} INFO - [2025-10-17T23:03:46.904+0000] {dag.py:3954} INFO - Setting next_dagrun for Airflow_Lab2_Flask to None, run_after=None
[2025-10-17T23:03:46.910+0000] {processor.py:183} INFO - Processing /opt/airflow/dags/Flask_API.py took 0.073 seconds
[2025-10-17T23:04:17.107+0000] {processor.py:161} INFO - Started process (PID=809) to work on /opt/airflow/dags/Flask_API.py
[2025-10-17T23:04:17.108+0000] {processor.py:830} INFO - Processing file /opt/airflow/dags/Flask_API.py for tasks to queue
[2025-10-17T23:04:17.110+0000] {logging_mixin.py:188} INFO - [2025-10-17T23:04:17.110+0000] {dagbag.py:545} INFO - Filling up the DagBag from /opt/airflow/dags/Flask_API.py
[2025-10-17T23:04:17.122+0000] {processor.py:840} INFO - DAG(s) 'Airflow_Lab2_Flask' retrieved from /opt/airflow/dags/Flask_API.py
[2025-10-17T23:04:17.170+0000] {logging_mixin.py:188} INFO - [2025-10-17T23:04:17.170+0000] {dag.py:3096} INFO - Sync 1 DAGs
[2025-10-17T23:04:17.174+0000] {logging_mixin.py:188} INFO - [2025-10-17T23:04:17.174+0000] {dag.py:3954} INFO - Setting next_dagrun for Airflow_Lab2_Flask to None, run_after=None
[2025-10-17T23:04:17.181+0000] {processor.py:183} INFO - Processing /opt/airflow/dags/Flask_API.py took 0.080 seconds
[2025-10-17T23:04:47.390+0000] {processor.py:161} INFO - Started process (PID=821) to work on /opt/airflow/dags/Flask_API.py
[2025-10-17T23:04:47.390+0000] {processor.py:830} INFO - Processing file /opt/airflow/dags/Flask_API.py for tasks to queue
[2025-10-17T23:04:47.392+0000] {logging_mixin.py:188} INFO - [2025-10-17T23:04:47.392+0000] {dagbag.py:545} INFO - Filling up the DagBag from /opt/airflow/dags/Flask_API.py
[2025-10-17T23:04:47.401+0000] {processor.py:840} INFO - DAG(s) 'Airflow_Lab2_Flask' retrieved from /opt/airflow/dags/Flask_API.py
[2025-10-17T23:04:47.442+0000] {logging_mixin.py:188} INFO - [2025-10-17T23:04:47.442+0000] {dag.py:3096} INFO - Sync 1 DAGs
[2025-10-17T23:04:47.446+0000] {logging_mixin.py:188} INFO - [2025-10-17T23:04:47.446+0000] {dag.py:3954} INFO - Setting next_dagrun for Airflow_Lab2_Flask to None, run_after=None
[2025-10-17T23:04:47.451+0000] {processor.py:183} INFO - Processing /opt/airflow/dags/Flask_API.py took 0.067 seconds
[2025-10-17T23:05:17.670+0000] {processor.py:161} INFO - Started process (PID=833) to work on /opt/airflow/dags/Flask_API.py
[2025-10-17T23:05:17.670+0000] {processor.py:830} INFO - Processing file /opt/airflow/dags/Flask_API.py for tasks to queue
[2025-10-17T23:05:17.672+0000] {logging_mixin.py:188} INFO - [2025-10-17T23:05:17.671+0000] {dagbag.py:545} INFO - Filling up the DagBag from /opt/airflow/dags/Flask_API.py
[2025-10-17T23:05:17.680+0000] {processor.py:840} INFO - DAG(s) 'Airflow_Lab2_Flask' retrieved from /opt/airflow/dags/Flask_API.py
[2025-10-17T23:05:17.722+0000] {logging_mixin.py:188} INFO - [2025-10-17T23:05:17.722+0000] {dag.py:3096} INFO - Sync 1 DAGs
[2025-10-17T23:05:17.726+0000] {logging_mixin.py:188} INFO - [2025-10-17T23:05:17.726+0000] {dag.py:3954} INFO - Setting next_dagrun for Airflow_Lab2_Flask to None, run_after=None
[2025-10-17T23:05:17.732+0000] {processor.py:183} INFO - Processing /opt/airflow/dags/Flask_API.py took 0.067 seconds
