[2025-10-17T22:53:01.896+0000] {processor.py:161} INFO - Started process (PID=540) to work on /opt/airflow/dags/main.py
[2025-10-17T22:53:01.897+0000] {processor.py:830} INFO - Processing file /opt/airflow/dags/main.py for tasks to queue
[2025-10-17T22:53:01.899+0000] {logging_mixin.py:188} INFO - [2025-10-17T22:53:01.899+0000] {dagbag.py:545} INFO - Filling up the DagBag from /opt/airflow/dags/main.py
[2025-10-17T22:53:02.306+0000] {processor.py:840} INFO - DAG(s) 'Airflow_Lab2' retrieved from /opt/airflow/dags/main.py
[2025-10-17T22:53:02.334+0000] {logging_mixin.py:188} INFO - [2025-10-17T22:53:02.334+0000] {dag.py:3096} INFO - Sync 1 DAGs
[2025-10-17T22:53:02.340+0000] {logging_mixin.py:188} INFO - [2025-10-17T22:53:02.340+0000] {dag.py:3954} INFO - Setting next_dagrun for Airflow_Lab2 to 2025-10-18 00:00:00+00:00, run_after=2025-10-19 00:00:00+00:00
[2025-10-17T22:53:02.346+0000] {processor.py:183} INFO - Processing /opt/airflow/dags/main.py took 0.455 seconds
[2025-10-17T22:53:33.200+0000] {processor.py:161} INFO - Started process (PID=552) to work on /opt/airflow/dags/main.py
[2025-10-17T22:53:33.201+0000] {processor.py:830} INFO - Processing file /opt/airflow/dags/main.py for tasks to queue
[2025-10-17T22:53:33.203+0000] {logging_mixin.py:188} INFO - [2025-10-17T22:53:33.203+0000] {dagbag.py:545} INFO - Filling up the DagBag from /opt/airflow/dags/main.py
[2025-10-17T22:53:33.657+0000] {processor.py:840} INFO - DAG(s) 'Airflow_Lab2' retrieved from /opt/airflow/dags/main.py
[2025-10-17T22:53:33.690+0000] {logging_mixin.py:188} INFO - [2025-10-17T22:53:33.689+0000] {dag.py:3096} INFO - Sync 1 DAGs
[2025-10-17T22:53:33.696+0000] {logging_mixin.py:188} INFO - [2025-10-17T22:53:33.696+0000] {dag.py:3954} INFO - Setting next_dagrun for Airflow_Lab2 to 2025-10-18 00:00:00+00:00, run_after=2025-10-19 00:00:00+00:00
[2025-10-17T22:53:33.702+0000] {processor.py:183} INFO - Processing /opt/airflow/dags/main.py took 0.508 seconds
[2025-10-17T22:54:04.453+0000] {processor.py:161} INFO - Started process (PID=564) to work on /opt/airflow/dags/main.py
[2025-10-17T22:54:04.454+0000] {processor.py:830} INFO - Processing file /opt/airflow/dags/main.py for tasks to queue
[2025-10-17T22:54:04.455+0000] {logging_mixin.py:188} INFO - [2025-10-17T22:54:04.455+0000] {dagbag.py:545} INFO - Filling up the DagBag from /opt/airflow/dags/main.py
[2025-10-17T22:54:04.855+0000] {processor.py:840} INFO - DAG(s) 'Airflow_Lab2' retrieved from /opt/airflow/dags/main.py
[2025-10-17T22:54:04.885+0000] {logging_mixin.py:188} INFO - [2025-10-17T22:54:04.884+0000] {dag.py:3096} INFO - Sync 1 DAGs
[2025-10-17T22:54:04.890+0000] {logging_mixin.py:188} INFO - [2025-10-17T22:54:04.890+0000] {dag.py:3954} INFO - Setting next_dagrun for Airflow_Lab2 to 2025-10-18 00:00:00+00:00, run_after=2025-10-19 00:00:00+00:00
[2025-10-17T22:54:04.896+0000] {processor.py:183} INFO - Processing /opt/airflow/dags/main.py took 0.448 seconds
[2025-10-17T22:54:35.690+0000] {processor.py:161} INFO - Started process (PID=576) to work on /opt/airflow/dags/main.py
[2025-10-17T22:54:35.691+0000] {processor.py:830} INFO - Processing file /opt/airflow/dags/main.py for tasks to queue
[2025-10-17T22:54:35.692+0000] {logging_mixin.py:188} INFO - [2025-10-17T22:54:35.692+0000] {dagbag.py:545} INFO - Filling up the DagBag from /opt/airflow/dags/main.py
[2025-10-17T22:54:36.105+0000] {processor.py:840} INFO - DAG(s) 'Airflow_Lab2' retrieved from /opt/airflow/dags/main.py
[2025-10-17T22:54:36.134+0000] {logging_mixin.py:188} INFO - [2025-10-17T22:54:36.134+0000] {dag.py:3096} INFO - Sync 1 DAGs
[2025-10-17T22:54:36.139+0000] {logging_mixin.py:188} INFO - [2025-10-17T22:54:36.139+0000] {dag.py:3954} INFO - Setting next_dagrun for Airflow_Lab2 to 2025-10-18 00:00:00+00:00, run_after=2025-10-19 00:00:00+00:00
[2025-10-17T22:54:36.145+0000] {processor.py:183} INFO - Processing /opt/airflow/dags/main.py took 0.460 seconds
[2025-10-17T22:55:06.998+0000] {processor.py:161} INFO - Started process (PID=594) to work on /opt/airflow/dags/main.py
[2025-10-17T22:55:06.999+0000] {processor.py:830} INFO - Processing file /opt/airflow/dags/main.py for tasks to queue
[2025-10-17T22:55:07.001+0000] {logging_mixin.py:188} INFO - [2025-10-17T22:55:07.001+0000] {dagbag.py:545} INFO - Filling up the DagBag from /opt/airflow/dags/main.py
[2025-10-17T22:55:07.410+0000] {processor.py:840} INFO - DAG(s) 'Airflow_Lab2' retrieved from /opt/airflow/dags/main.py
[2025-10-17T22:55:07.440+0000] {logging_mixin.py:188} INFO - [2025-10-17T22:55:07.439+0000] {dag.py:3096} INFO - Sync 1 DAGs
[2025-10-17T22:55:07.445+0000] {logging_mixin.py:188} INFO - [2025-10-17T22:55:07.445+0000] {dag.py:3954} INFO - Setting next_dagrun for Airflow_Lab2 to 2025-10-18 00:00:00+00:00, run_after=2025-10-19 00:00:00+00:00
[2025-10-17T22:55:07.451+0000] {processor.py:183} INFO - Processing /opt/airflow/dags/main.py took 0.458 seconds
[2025-10-17T22:55:38.237+0000] {processor.py:161} INFO - Started process (PID=606) to work on /opt/airflow/dags/main.py
[2025-10-17T22:55:38.237+0000] {processor.py:830} INFO - Processing file /opt/airflow/dags/main.py for tasks to queue
[2025-10-17T22:55:38.238+0000] {logging_mixin.py:188} INFO - [2025-10-17T22:55:38.238+0000] {dagbag.py:545} INFO - Filling up the DagBag from /opt/airflow/dags/main.py
[2025-10-17T22:55:38.704+0000] {processor.py:840} INFO - DAG(s) 'Airflow_Lab2' retrieved from /opt/airflow/dags/main.py
[2025-10-17T22:55:38.735+0000] {logging_mixin.py:188} INFO - [2025-10-17T22:55:38.734+0000] {dag.py:3096} INFO - Sync 1 DAGs
[2025-10-17T22:55:38.741+0000] {logging_mixin.py:188} INFO - [2025-10-17T22:55:38.741+0000] {dag.py:3954} INFO - Setting next_dagrun for Airflow_Lab2 to 2025-10-18 00:00:00+00:00, run_after=2025-10-19 00:00:00+00:00
[2025-10-17T22:55:38.746+0000] {processor.py:183} INFO - Processing /opt/airflow/dags/main.py took 0.514 seconds
[2025-10-17T22:56:09.506+0000] {processor.py:161} INFO - Started process (PID=618) to work on /opt/airflow/dags/main.py
[2025-10-17T22:56:09.506+0000] {processor.py:830} INFO - Processing file /opt/airflow/dags/main.py for tasks to queue
[2025-10-17T22:56:09.508+0000] {logging_mixin.py:188} INFO - [2025-10-17T22:56:09.507+0000] {dagbag.py:545} INFO - Filling up the DagBag from /opt/airflow/dags/main.py
[2025-10-17T22:56:09.896+0000] {processor.py:840} INFO - DAG(s) 'Airflow_Lab2' retrieved from /opt/airflow/dags/main.py
[2025-10-17T22:56:09.925+0000] {logging_mixin.py:188} INFO - [2025-10-17T22:56:09.925+0000] {dag.py:3096} INFO - Sync 1 DAGs
[2025-10-17T22:56:09.930+0000] {logging_mixin.py:188} INFO - [2025-10-17T22:56:09.930+0000] {dag.py:3954} INFO - Setting next_dagrun for Airflow_Lab2 to 2025-10-18 00:00:00+00:00, run_after=2025-10-19 00:00:00+00:00
[2025-10-17T22:56:09.936+0000] {processor.py:183} INFO - Processing /opt/airflow/dags/main.py took 0.436 seconds
[2025-10-17T22:56:40.749+0000] {processor.py:161} INFO - Started process (PID=630) to work on /opt/airflow/dags/main.py
[2025-10-17T22:56:40.750+0000] {processor.py:830} INFO - Processing file /opt/airflow/dags/main.py for tasks to queue
[2025-10-17T22:56:40.751+0000] {logging_mixin.py:188} INFO - [2025-10-17T22:56:40.751+0000] {dagbag.py:545} INFO - Filling up the DagBag from /opt/airflow/dags/main.py
[2025-10-17T22:56:41.181+0000] {processor.py:840} INFO - DAG(s) 'Airflow_Lab2' retrieved from /opt/airflow/dags/main.py
[2025-10-17T22:56:41.218+0000] {logging_mixin.py:188} INFO - [2025-10-17T22:56:41.218+0000] {dag.py:3096} INFO - Sync 1 DAGs
[2025-10-17T22:56:41.225+0000] {logging_mixin.py:188} INFO - [2025-10-17T22:56:41.225+0000] {dag.py:3954} INFO - Setting next_dagrun for Airflow_Lab2 to 2025-10-18 00:00:00+00:00, run_after=2025-10-19 00:00:00+00:00
[2025-10-17T22:56:41.235+0000] {processor.py:183} INFO - Processing /opt/airflow/dags/main.py took 0.490 seconds
[2025-10-17T22:57:12.050+0000] {processor.py:161} INFO - Started process (PID=642) to work on /opt/airflow/dags/main.py
[2025-10-17T22:57:12.050+0000] {processor.py:830} INFO - Processing file /opt/airflow/dags/main.py for tasks to queue
[2025-10-17T22:57:12.051+0000] {logging_mixin.py:188} INFO - [2025-10-17T22:57:12.051+0000] {dagbag.py:545} INFO - Filling up the DagBag from /opt/airflow/dags/main.py
[2025-10-17T22:57:12.433+0000] {processor.py:840} INFO - DAG(s) 'Airflow_Lab2' retrieved from /opt/airflow/dags/main.py
[2025-10-17T22:57:12.462+0000] {logging_mixin.py:188} INFO - [2025-10-17T22:57:12.462+0000] {dag.py:3096} INFO - Sync 1 DAGs
[2025-10-17T22:57:12.468+0000] {logging_mixin.py:188} INFO - [2025-10-17T22:57:12.468+0000] {dag.py:3954} INFO - Setting next_dagrun for Airflow_Lab2 to 2025-10-18 00:00:00+00:00, run_after=2025-10-19 00:00:00+00:00
[2025-10-17T22:57:12.473+0000] {processor.py:183} INFO - Processing /opt/airflow/dags/main.py took 0.426 seconds
[2025-10-17T22:57:43.351+0000] {processor.py:161} INFO - Started process (PID=654) to work on /opt/airflow/dags/main.py
[2025-10-17T22:57:43.352+0000] {processor.py:830} INFO - Processing file /opt/airflow/dags/main.py for tasks to queue
[2025-10-17T22:57:43.354+0000] {logging_mixin.py:188} INFO - [2025-10-17T22:57:43.353+0000] {dagbag.py:545} INFO - Filling up the DagBag from /opt/airflow/dags/main.py
[2025-10-17T22:57:43.803+0000] {processor.py:840} INFO - DAG(s) 'Airflow_Lab2' retrieved from /opt/airflow/dags/main.py
[2025-10-17T22:57:43.831+0000] {logging_mixin.py:188} INFO - [2025-10-17T22:57:43.831+0000] {dag.py:3096} INFO - Sync 1 DAGs
[2025-10-17T22:57:43.837+0000] {logging_mixin.py:188} INFO - [2025-10-17T22:57:43.837+0000] {dag.py:3954} INFO - Setting next_dagrun for Airflow_Lab2 to 2025-10-18 00:00:00+00:00, run_after=2025-10-19 00:00:00+00:00
[2025-10-17T22:57:43.843+0000] {processor.py:183} INFO - Processing /opt/airflow/dags/main.py took 0.498 seconds
[2025-10-17T22:58:14.681+0000] {processor.py:161} INFO - Started process (PID=667) to work on /opt/airflow/dags/main.py
[2025-10-17T22:58:14.681+0000] {processor.py:830} INFO - Processing file /opt/airflow/dags/main.py for tasks to queue
[2025-10-17T22:58:14.683+0000] {logging_mixin.py:188} INFO - [2025-10-17T22:58:14.683+0000] {dagbag.py:545} INFO - Filling up the DagBag from /opt/airflow/dags/main.py
[2025-10-17T22:58:15.070+0000] {processor.py:840} INFO - DAG(s) 'Airflow_Lab2' retrieved from /opt/airflow/dags/main.py
[2025-10-17T22:58:15.099+0000] {logging_mixin.py:188} INFO - [2025-10-17T22:58:15.098+0000] {dag.py:3096} INFO - Sync 1 DAGs
[2025-10-17T22:58:15.105+0000] {logging_mixin.py:188} INFO - [2025-10-17T22:58:15.105+0000] {dag.py:3954} INFO - Setting next_dagrun for Airflow_Lab2 to 2025-10-18 00:00:00+00:00, run_after=2025-10-19 00:00:00+00:00
[2025-10-17T22:58:15.110+0000] {processor.py:183} INFO - Processing /opt/airflow/dags/main.py took 0.435 seconds
[2025-10-17T22:58:45.947+0000] {processor.py:161} INFO - Started process (PID=678) to work on /opt/airflow/dags/main.py
[2025-10-17T22:58:45.947+0000] {processor.py:830} INFO - Processing file /opt/airflow/dags/main.py for tasks to queue
[2025-10-17T22:58:45.949+0000] {logging_mixin.py:188} INFO - [2025-10-17T22:58:45.948+0000] {dagbag.py:545} INFO - Filling up the DagBag from /opt/airflow/dags/main.py
[2025-10-17T22:58:46.363+0000] {processor.py:840} INFO - DAG(s) 'Airflow_Lab2' retrieved from /opt/airflow/dags/main.py
[2025-10-17T22:58:46.393+0000] {logging_mixin.py:188} INFO - [2025-10-17T22:58:46.393+0000] {dag.py:3096} INFO - Sync 1 DAGs
[2025-10-17T22:58:46.399+0000] {logging_mixin.py:188} INFO - [2025-10-17T22:58:46.399+0000] {dag.py:3954} INFO - Setting next_dagrun for Airflow_Lab2 to 2025-10-18 00:00:00+00:00, run_after=2025-10-19 00:00:00+00:00
[2025-10-17T22:58:46.405+0000] {processor.py:183} INFO - Processing /opt/airflow/dags/main.py took 0.464 seconds
[2025-10-17T22:59:17.230+0000] {processor.py:161} INFO - Started process (PID=690) to work on /opt/airflow/dags/main.py
[2025-10-17T22:59:17.231+0000] {processor.py:830} INFO - Processing file /opt/airflow/dags/main.py for tasks to queue
[2025-10-17T22:59:17.232+0000] {logging_mixin.py:188} INFO - [2025-10-17T22:59:17.232+0000] {dagbag.py:545} INFO - Filling up the DagBag from /opt/airflow/dags/main.py
[2025-10-17T22:59:17.653+0000] {processor.py:840} INFO - DAG(s) 'Airflow_Lab2' retrieved from /opt/airflow/dags/main.py
[2025-10-17T22:59:17.686+0000] {logging_mixin.py:188} INFO - [2025-10-17T22:59:17.686+0000] {dag.py:3096} INFO - Sync 1 DAGs
[2025-10-17T22:59:17.693+0000] {logging_mixin.py:188} INFO - [2025-10-17T22:59:17.692+0000] {dag.py:3954} INFO - Setting next_dagrun for Airflow_Lab2 to 2025-10-18 00:00:00+00:00, run_after=2025-10-19 00:00:00+00:00
[2025-10-17T22:59:17.700+0000] {processor.py:183} INFO - Processing /opt/airflow/dags/main.py took 0.475 seconds
[2025-10-17T22:59:48.544+0000] {processor.py:161} INFO - Started process (PID=702) to work on /opt/airflow/dags/main.py
[2025-10-17T22:59:48.544+0000] {processor.py:830} INFO - Processing file /opt/airflow/dags/main.py for tasks to queue
[2025-10-17T22:59:48.545+0000] {logging_mixin.py:188} INFO - [2025-10-17T22:59:48.545+0000] {dagbag.py:545} INFO - Filling up the DagBag from /opt/airflow/dags/main.py
[2025-10-17T22:59:48.990+0000] {processor.py:840} INFO - DAG(s) 'Airflow_Lab2' retrieved from /opt/airflow/dags/main.py
[2025-10-17T22:59:49.024+0000] {logging_mixin.py:188} INFO - [2025-10-17T22:59:49.024+0000] {dag.py:3096} INFO - Sync 1 DAGs
[2025-10-17T22:59:49.031+0000] {logging_mixin.py:188} INFO - [2025-10-17T22:59:49.031+0000] {dag.py:3954} INFO - Setting next_dagrun for Airflow_Lab2 to 2025-10-18 00:00:00+00:00, run_after=2025-10-19 00:00:00+00:00
[2025-10-17T22:59:49.038+0000] {processor.py:183} INFO - Processing /opt/airflow/dags/main.py took 0.497 seconds
[2025-10-17T23:00:19.834+0000] {processor.py:161} INFO - Started process (PID=714) to work on /opt/airflow/dags/main.py
[2025-10-17T23:00:19.835+0000] {processor.py:830} INFO - Processing file /opt/airflow/dags/main.py for tasks to queue
[2025-10-17T23:00:19.835+0000] {logging_mixin.py:188} INFO - [2025-10-17T23:00:19.835+0000] {dagbag.py:545} INFO - Filling up the DagBag from /opt/airflow/dags/main.py
[2025-10-17T23:00:20.331+0000] {processor.py:840} INFO - DAG(s) 'Airflow_Lab2' retrieved from /opt/airflow/dags/main.py
[2025-10-17T23:00:20.366+0000] {logging_mixin.py:188} INFO - [2025-10-17T23:00:20.366+0000] {dag.py:3096} INFO - Sync 1 DAGs
[2025-10-17T23:00:20.373+0000] {logging_mixin.py:188} INFO - [2025-10-17T23:00:20.373+0000] {dag.py:3954} INFO - Setting next_dagrun for Airflow_Lab2 to 2025-10-18 00:00:00+00:00, run_after=2025-10-19 00:00:00+00:00
[2025-10-17T23:00:20.380+0000] {processor.py:183} INFO - Processing /opt/airflow/dags/main.py took 0.548 seconds
[2025-10-17T23:00:51.157+0000] {processor.py:161} INFO - Started process (PID=726) to work on /opt/airflow/dags/main.py
[2025-10-17T23:00:51.158+0000] {processor.py:830} INFO - Processing file /opt/airflow/dags/main.py for tasks to queue
[2025-10-17T23:00:51.159+0000] {logging_mixin.py:188} INFO - [2025-10-17T23:00:51.159+0000] {dagbag.py:545} INFO - Filling up the DagBag from /opt/airflow/dags/main.py
[2025-10-17T23:00:51.589+0000] {processor.py:840} INFO - DAG(s) 'Airflow_Lab2' retrieved from /opt/airflow/dags/main.py
[2025-10-17T23:00:51.623+0000] {logging_mixin.py:188} INFO - [2025-10-17T23:00:51.623+0000] {dag.py:3096} INFO - Sync 1 DAGs
[2025-10-17T23:00:51.630+0000] {logging_mixin.py:188} INFO - [2025-10-17T23:00:51.630+0000] {dag.py:3954} INFO - Setting next_dagrun for Airflow_Lab2 to 2025-10-18 00:00:00+00:00, run_after=2025-10-19 00:00:00+00:00
[2025-10-17T23:00:51.638+0000] {processor.py:183} INFO - Processing /opt/airflow/dags/main.py took 0.483 seconds
[2025-10-17T23:01:22.431+0000] {processor.py:161} INFO - Started process (PID=738) to work on /opt/airflow/dags/main.py
[2025-10-17T23:01:22.431+0000] {processor.py:830} INFO - Processing file /opt/airflow/dags/main.py for tasks to queue
[2025-10-17T23:01:22.432+0000] {logging_mixin.py:188} INFO - [2025-10-17T23:01:22.432+0000] {dagbag.py:545} INFO - Filling up the DagBag from /opt/airflow/dags/main.py
[2025-10-17T23:01:22.837+0000] {processor.py:840} INFO - DAG(s) 'Airflow_Lab2' retrieved from /opt/airflow/dags/main.py
[2025-10-17T23:01:22.870+0000] {logging_mixin.py:188} INFO - [2025-10-17T23:01:22.870+0000] {dag.py:3096} INFO - Sync 1 DAGs
[2025-10-17T23:01:22.877+0000] {logging_mixin.py:188} INFO - [2025-10-17T23:01:22.877+0000] {dag.py:3954} INFO - Setting next_dagrun for Airflow_Lab2 to 2025-10-18 00:00:00+00:00, run_after=2025-10-19 00:00:00+00:00
[2025-10-17T23:01:22.883+0000] {processor.py:183} INFO - Processing /opt/airflow/dags/main.py took 0.455 seconds
[2025-10-17T23:01:53.730+0000] {processor.py:161} INFO - Started process (PID=750) to work on /opt/airflow/dags/main.py
[2025-10-17T23:01:53.730+0000] {processor.py:830} INFO - Processing file /opt/airflow/dags/main.py for tasks to queue
[2025-10-17T23:01:53.732+0000] {logging_mixin.py:188} INFO - [2025-10-17T23:01:53.731+0000] {dagbag.py:545} INFO - Filling up the DagBag from /opt/airflow/dags/main.py
[2025-10-17T23:01:54.181+0000] {processor.py:840} INFO - DAG(s) 'Airflow_Lab2' retrieved from /opt/airflow/dags/main.py
[2025-10-17T23:01:54.220+0000] {logging_mixin.py:188} INFO - [2025-10-17T23:01:54.219+0000] {dag.py:3096} INFO - Sync 1 DAGs
[2025-10-17T23:01:54.228+0000] {logging_mixin.py:188} INFO - [2025-10-17T23:01:54.228+0000] {dag.py:3954} INFO - Setting next_dagrun for Airflow_Lab2 to 2025-10-18 00:00:00+00:00, run_after=2025-10-19 00:00:00+00:00
[2025-10-17T23:01:54.237+0000] {processor.py:183} INFO - Processing /opt/airflow/dags/main.py took 0.510 seconds
[2025-10-17T23:02:25.049+0000] {processor.py:161} INFO - Started process (PID=762) to work on /opt/airflow/dags/main.py
[2025-10-17T23:02:25.050+0000] {processor.py:830} INFO - Processing file /opt/airflow/dags/main.py for tasks to queue
[2025-10-17T23:02:25.050+0000] {logging_mixin.py:188} INFO - [2025-10-17T23:02:25.050+0000] {dagbag.py:545} INFO - Filling up the DagBag from /opt/airflow/dags/main.py
[2025-10-17T23:02:25.463+0000] {processor.py:840} INFO - DAG(s) 'Airflow_Lab2' retrieved from /opt/airflow/dags/main.py
[2025-10-17T23:02:25.497+0000] {logging_mixin.py:188} INFO - [2025-10-17T23:02:25.497+0000] {dag.py:3096} INFO - Sync 1 DAGs
[2025-10-17T23:02:25.504+0000] {logging_mixin.py:188} INFO - [2025-10-17T23:02:25.504+0000] {dag.py:3954} INFO - Setting next_dagrun for Airflow_Lab2 to 2025-10-18 00:00:00+00:00, run_after=2025-10-19 00:00:00+00:00
[2025-10-17T23:02:25.511+0000] {processor.py:183} INFO - Processing /opt/airflow/dags/main.py took 0.464 seconds
[2025-10-17T23:02:56.350+0000] {processor.py:161} INFO - Started process (PID=774) to work on /opt/airflow/dags/main.py
[2025-10-17T23:02:56.350+0000] {processor.py:830} INFO - Processing file /opt/airflow/dags/main.py for tasks to queue
[2025-10-17T23:02:56.351+0000] {logging_mixin.py:188} INFO - [2025-10-17T23:02:56.351+0000] {dagbag.py:545} INFO - Filling up the DagBag from /opt/airflow/dags/main.py
[2025-10-17T23:02:56.780+0000] {processor.py:840} INFO - DAG(s) 'Airflow_Lab2' retrieved from /opt/airflow/dags/main.py
[2025-10-17T23:02:56.808+0000] {logging_mixin.py:188} INFO - [2025-10-17T23:02:56.808+0000] {dag.py:3096} INFO - Sync 1 DAGs
[2025-10-17T23:02:56.814+0000] {logging_mixin.py:188} INFO - [2025-10-17T23:02:56.814+0000] {dag.py:3954} INFO - Setting next_dagrun for Airflow_Lab2 to 2025-10-18 00:00:00+00:00, run_after=2025-10-19 00:00:00+00:00
[2025-10-17T23:02:56.820+0000] {processor.py:183} INFO - Processing /opt/airflow/dags/main.py took 0.473 seconds
[2025-10-17T23:03:27.623+0000] {processor.py:161} INFO - Started process (PID=786) to work on /opt/airflow/dags/main.py
[2025-10-17T23:03:27.623+0000] {processor.py:830} INFO - Processing file /opt/airflow/dags/main.py for tasks to queue
[2025-10-17T23:03:27.623+0000] {logging_mixin.py:188} INFO - [2025-10-17T23:03:27.623+0000] {dagbag.py:545} INFO - Filling up the DagBag from /opt/airflow/dags/main.py
[2025-10-17T23:03:28.039+0000] {processor.py:840} INFO - DAG(s) 'Airflow_Lab2' retrieved from /opt/airflow/dags/main.py
[2025-10-17T23:03:28.068+0000] {logging_mixin.py:188} INFO - [2025-10-17T23:03:28.068+0000] {dag.py:3096} INFO - Sync 1 DAGs
[2025-10-17T23:03:28.074+0000] {logging_mixin.py:188} INFO - [2025-10-17T23:03:28.074+0000] {dag.py:3954} INFO - Setting next_dagrun for Airflow_Lab2 to 2025-10-18 00:00:00+00:00, run_after=2025-10-19 00:00:00+00:00
[2025-10-17T23:03:28.080+0000] {processor.py:183} INFO - Processing /opt/airflow/dags/main.py took 0.459 seconds
[2025-10-17T23:03:58.924+0000] {processor.py:161} INFO - Started process (PID=798) to work on /opt/airflow/dags/main.py
[2025-10-17T23:03:58.924+0000] {processor.py:830} INFO - Processing file /opt/airflow/dags/main.py for tasks to queue
[2025-10-17T23:03:58.925+0000] {logging_mixin.py:188} INFO - [2025-10-17T23:03:58.924+0000] {dagbag.py:545} INFO - Filling up the DagBag from /opt/airflow/dags/main.py
[2025-10-17T23:03:59.308+0000] {processor.py:840} INFO - DAG(s) 'Airflow_Lab2' retrieved from /opt/airflow/dags/main.py
[2025-10-17T23:03:59.337+0000] {logging_mixin.py:188} INFO - [2025-10-17T23:03:59.337+0000] {dag.py:3096} INFO - Sync 1 DAGs
[2025-10-17T23:03:59.342+0000] {logging_mixin.py:188} INFO - [2025-10-17T23:03:59.342+0000] {dag.py:3954} INFO - Setting next_dagrun for Airflow_Lab2 to 2025-10-18 00:00:00+00:00, run_after=2025-10-19 00:00:00+00:00
[2025-10-17T23:03:59.348+0000] {processor.py:183} INFO - Processing /opt/airflow/dags/main.py took 0.427 seconds
[2025-10-17T23:04:30.194+0000] {processor.py:161} INFO - Started process (PID=810) to work on /opt/airflow/dags/main.py
[2025-10-17T23:04:30.194+0000] {processor.py:830} INFO - Processing file /opt/airflow/dags/main.py for tasks to queue
[2025-10-17T23:04:30.195+0000] {logging_mixin.py:188} INFO - [2025-10-17T23:04:30.195+0000] {dagbag.py:545} INFO - Filling up the DagBag from /opt/airflow/dags/main.py
[2025-10-17T23:04:30.693+0000] {processor.py:840} INFO - DAG(s) 'Airflow_Lab2' retrieved from /opt/airflow/dags/main.py
[2025-10-17T23:04:30.733+0000] {logging_mixin.py:188} INFO - [2025-10-17T23:04:30.733+0000] {dag.py:3096} INFO - Sync 1 DAGs
[2025-10-17T23:04:30.741+0000] {logging_mixin.py:188} INFO - [2025-10-17T23:04:30.741+0000] {dag.py:3954} INFO - Setting next_dagrun for Airflow_Lab2 to 2025-10-18 00:00:00+00:00, run_after=2025-10-19 00:00:00+00:00
[2025-10-17T23:04:30.750+0000] {processor.py:183} INFO - Processing /opt/airflow/dags/main.py took 0.560 seconds
[2025-10-17T23:05:01.486+0000] {processor.py:161} INFO - Started process (PID=822) to work on /opt/airflow/dags/main.py
[2025-10-17T23:05:01.486+0000] {processor.py:830} INFO - Processing file /opt/airflow/dags/main.py for tasks to queue
[2025-10-17T23:05:01.488+0000] {logging_mixin.py:188} INFO - [2025-10-17T23:05:01.488+0000] {dagbag.py:545} INFO - Filling up the DagBag from /opt/airflow/dags/main.py
[2025-10-17T23:05:01.883+0000] {processor.py:840} INFO - DAG(s) 'Airflow_Lab2' retrieved from /opt/airflow/dags/main.py
[2025-10-17T23:05:01.913+0000] {logging_mixin.py:188} INFO - [2025-10-17T23:05:01.912+0000] {dag.py:3096} INFO - Sync 1 DAGs
[2025-10-17T23:05:01.918+0000] {logging_mixin.py:188} INFO - [2025-10-17T23:05:01.918+0000] {dag.py:3954} INFO - Setting next_dagrun for Airflow_Lab2 to 2025-10-18 00:00:00+00:00, run_after=2025-10-19 00:00:00+00:00
[2025-10-17T23:05:01.924+0000] {processor.py:183} INFO - Processing /opt/airflow/dags/main.py took 0.442 seconds
[2025-10-17T23:05:32.784+0000] {processor.py:161} INFO - Started process (PID=834) to work on /opt/airflow/dags/main.py
[2025-10-17T23:05:32.784+0000] {processor.py:830} INFO - Processing file /opt/airflow/dags/main.py for tasks to queue
[2025-10-17T23:05:32.786+0000] {logging_mixin.py:188} INFO - [2025-10-17T23:05:32.786+0000] {dagbag.py:545} INFO - Filling up the DagBag from /opt/airflow/dags/main.py
[2025-10-17T23:05:33.183+0000] {processor.py:840} INFO - DAG(s) 'Airflow_Lab2' retrieved from /opt/airflow/dags/main.py
[2025-10-17T23:05:33.212+0000] {logging_mixin.py:188} INFO - [2025-10-17T23:05:33.212+0000] {dag.py:3096} INFO - Sync 1 DAGs
[2025-10-17T23:05:33.217+0000] {logging_mixin.py:188} INFO - [2025-10-17T23:05:33.217+0000] {dag.py:3954} INFO - Setting next_dagrun for Airflow_Lab2 to 2025-10-18 00:00:00+00:00, run_after=2025-10-19 00:00:00+00:00
[2025-10-17T23:05:33.223+0000] {processor.py:183} INFO - Processing /opt/airflow/dags/main.py took 0.444 seconds
