[2025-10-17T21:01:28.594+0000] {processor.py:161} INFO - Started process (PID=78) to work on /opt/airflow/dags/airflow1.py
[2025-10-17T21:01:28.595+0000] {processor.py:830} INFO - Processing file /opt/airflow/dags/airflow1.py for tasks to queue
[2025-10-17T21:01:28.596+0000] {logging_mixin.py:188} INFO - [2025-10-17T21:01:28.596+0000] {dagbag.py:545} INFO - Filling up the DagBag from /opt/airflow/dags/airflow1.py
[2025-10-17T21:01:30.663+0000] {processor.py:840} INFO - DAG(s) 'Airflow_Lab1' retrieved from /opt/airflow/dags/airflow1.py
[2025-10-17T21:01:30.813+0000] {logging_mixin.py:188} INFO - [2025-10-17T21:01:30.812+0000] {override.py:1829} INFO - Created Permission View: can read on DAG:Airflow_Lab1
[2025-10-17T21:01:30.817+0000] {logging_mixin.py:188} INFO - [2025-10-17T21:01:30.817+0000] {override.py:1829} INFO - Created Permission View: can delete on DAG:Airflow_Lab1
[2025-10-17T21:01:30.819+0000] {logging_mixin.py:188} INFO - [2025-10-17T21:01:30.819+0000] {override.py:1829} INFO - Created Permission View: can edit on DAG:Airflow_Lab1
[2025-10-17T21:01:30.819+0000] {logging_mixin.py:188} INFO - [2025-10-17T21:01:30.819+0000] {dag.py:3096} INFO - Sync 1 DAGs
[2025-10-17T21:01:30.823+0000] {logging_mixin.py:188} INFO - [2025-10-17T21:01:30.823+0000] {dag.py:3118} INFO - Creating ORM DAG for Airflow_Lab1
[2025-10-17T21:01:30.829+0000] {logging_mixin.py:188} INFO - [2025-10-17T21:01:30.829+0000] {dag.py:3954} INFO - Setting next_dagrun for Airflow_Lab1 to 2025-10-16 00:00:00+00:00, run_after=2025-10-17 00:00:00+00:00
[2025-10-17T21:01:30.837+0000] {processor.py:183} INFO - Processing /opt/airflow/dags/airflow1.py took 2.251 seconds
[2025-10-17T21:02:00.884+0000] {processor.py:161} INFO - Started process (PID=88) to work on /opt/airflow/dags/airflow1.py
[2025-10-17T21:02:00.885+0000] {processor.py:830} INFO - Processing file /opt/airflow/dags/airflow1.py for tasks to queue
[2025-10-17T21:02:00.887+0000] {logging_mixin.py:188} INFO - [2025-10-17T21:02:00.887+0000] {dagbag.py:545} INFO - Filling up the DagBag from /opt/airflow/dags/airflow1.py
[2025-10-17T21:02:01.348+0000] {processor.py:840} INFO - DAG(s) 'Airflow_Lab1' retrieved from /opt/airflow/dags/airflow1.py
[2025-10-17T21:02:01.357+0000] {logging_mixin.py:188} INFO - [2025-10-17T21:02:01.357+0000] {dag.py:3096} INFO - Sync 1 DAGs
[2025-10-17T21:02:01.364+0000] {logging_mixin.py:188} INFO - [2025-10-17T21:02:01.364+0000] {dag.py:3954} INFO - Setting next_dagrun for Airflow_Lab1 to 2025-10-16 00:00:00+00:00, run_after=2025-10-17 00:00:00+00:00
[2025-10-17T21:02:01.369+0000] {processor.py:183} INFO - Processing /opt/airflow/dags/airflow1.py took 0.491 seconds
[2025-10-17T21:02:31.616+0000] {processor.py:161} INFO - Started process (PID=99) to work on /opt/airflow/dags/airflow1.py
[2025-10-17T21:02:31.617+0000] {processor.py:830} INFO - Processing file /opt/airflow/dags/airflow1.py for tasks to queue
[2025-10-17T21:02:31.619+0000] {logging_mixin.py:188} INFO - [2025-10-17T21:02:31.618+0000] {dagbag.py:545} INFO - Filling up the DagBag from /opt/airflow/dags/airflow1.py
[2025-10-17T21:02:32.227+0000] {processor.py:840} INFO - DAG(s) 'Airflow_Lab1' retrieved from /opt/airflow/dags/airflow1.py
[2025-10-17T21:02:32.236+0000] {logging_mixin.py:188} INFO - [2025-10-17T21:02:32.236+0000] {dag.py:3096} INFO - Sync 1 DAGs
[2025-10-17T21:02:32.243+0000] {logging_mixin.py:188} INFO - [2025-10-17T21:02:32.243+0000] {dag.py:3954} INFO - Setting next_dagrun for Airflow_Lab1 to 2025-10-16 00:00:00+00:00, run_after=2025-10-17 00:00:00+00:00
[2025-10-17T21:02:32.248+0000] {processor.py:183} INFO - Processing /opt/airflow/dags/airflow1.py took 0.640 seconds
[2025-10-17T21:03:02.510+0000] {processor.py:161} INFO - Started process (PID=110) to work on /opt/airflow/dags/airflow1.py
[2025-10-17T21:03:02.511+0000] {processor.py:830} INFO - Processing file /opt/airflow/dags/airflow1.py for tasks to queue
[2025-10-17T21:03:02.513+0000] {logging_mixin.py:188} INFO - [2025-10-17T21:03:02.513+0000] {dagbag.py:545} INFO - Filling up the DagBag from /opt/airflow/dags/airflow1.py
[2025-10-17T21:03:02.947+0000] {processor.py:840} INFO - DAG(s) 'Airflow_Lab1' retrieved from /opt/airflow/dags/airflow1.py
[2025-10-17T21:03:02.956+0000] {logging_mixin.py:188} INFO - [2025-10-17T21:03:02.956+0000] {dag.py:3096} INFO - Sync 1 DAGs
[2025-10-17T21:03:02.962+0000] {logging_mixin.py:188} INFO - [2025-10-17T21:03:02.962+0000] {dag.py:3954} INFO - Setting next_dagrun for Airflow_Lab1 to 2025-10-16 00:00:00+00:00, run_after=2025-10-17 00:00:00+00:00
[2025-10-17T21:03:02.967+0000] {processor.py:183} INFO - Processing /opt/airflow/dags/airflow1.py took 0.463 seconds
[2025-10-17T21:03:33.128+0000] {processor.py:161} INFO - Started process (PID=121) to work on /opt/airflow/dags/airflow1.py
[2025-10-17T21:03:33.129+0000] {processor.py:830} INFO - Processing file /opt/airflow/dags/airflow1.py for tasks to queue
[2025-10-17T21:03:33.130+0000] {logging_mixin.py:188} INFO - [2025-10-17T21:03:33.130+0000] {dagbag.py:545} INFO - Filling up the DagBag from /opt/airflow/dags/airflow1.py
[2025-10-17T21:03:33.549+0000] {processor.py:840} INFO - DAG(s) 'Airflow_Lab1' retrieved from /opt/airflow/dags/airflow1.py
[2025-10-17T21:03:33.557+0000] {logging_mixin.py:188} INFO - [2025-10-17T21:03:33.557+0000] {dag.py:3096} INFO - Sync 1 DAGs
[2025-10-17T21:03:33.563+0000] {logging_mixin.py:188} INFO - [2025-10-17T21:03:33.563+0000] {dag.py:3954} INFO - Setting next_dagrun for Airflow_Lab1 to 2025-10-16 00:00:00+00:00, run_after=2025-10-17 00:00:00+00:00
[2025-10-17T21:03:33.568+0000] {processor.py:183} INFO - Processing /opt/airflow/dags/airflow1.py took 0.447 seconds
[2025-10-17T21:04:03.796+0000] {processor.py:161} INFO - Started process (PID=137) to work on /opt/airflow/dags/airflow1.py
[2025-10-17T21:04:03.797+0000] {processor.py:830} INFO - Processing file /opt/airflow/dags/airflow1.py for tasks to queue
[2025-10-17T21:04:03.798+0000] {logging_mixin.py:188} INFO - [2025-10-17T21:04:03.798+0000] {dagbag.py:545} INFO - Filling up the DagBag from /opt/airflow/dags/airflow1.py
[2025-10-17T21:04:04.187+0000] {processor.py:840} INFO - DAG(s) 'Airflow_Lab1' retrieved from /opt/airflow/dags/airflow1.py
[2025-10-17T21:04:04.195+0000] {logging_mixin.py:188} INFO - [2025-10-17T21:04:04.195+0000] {dag.py:3096} INFO - Sync 1 DAGs
[2025-10-17T21:04:04.201+0000] {logging_mixin.py:188} INFO - [2025-10-17T21:04:04.201+0000] {dag.py:3954} INFO - Setting next_dagrun for Airflow_Lab1 to 2025-10-16 00:00:00+00:00, run_after=2025-10-17 00:00:00+00:00
[2025-10-17T21:04:04.205+0000] {processor.py:183} INFO - Processing /opt/airflow/dags/airflow1.py took 0.416 seconds
[2025-10-17T21:04:34.498+0000] {processor.py:161} INFO - Started process (PID=148) to work on /opt/airflow/dags/airflow1.py
[2025-10-17T21:04:34.499+0000] {processor.py:830} INFO - Processing file /opt/airflow/dags/airflow1.py for tasks to queue
[2025-10-17T21:04:34.500+0000] {logging_mixin.py:188} INFO - [2025-10-17T21:04:34.500+0000] {dagbag.py:545} INFO - Filling up the DagBag from /opt/airflow/dags/airflow1.py
[2025-10-17T21:04:34.906+0000] {processor.py:840} INFO - DAG(s) 'Airflow_Lab1' retrieved from /opt/airflow/dags/airflow1.py
[2025-10-17T21:04:34.914+0000] {logging_mixin.py:188} INFO - [2025-10-17T21:04:34.914+0000] {dag.py:3096} INFO - Sync 1 DAGs
[2025-10-17T21:04:34.920+0000] {logging_mixin.py:188} INFO - [2025-10-17T21:04:34.920+0000] {dag.py:3954} INFO - Setting next_dagrun for Airflow_Lab1 to 2025-10-16 00:00:00+00:00, run_after=2025-10-17 00:00:00+00:00
[2025-10-17T21:04:34.926+0000] {processor.py:183} INFO - Processing /opt/airflow/dags/airflow1.py took 0.434 seconds
[2025-10-17T21:05:05.170+0000] {processor.py:161} INFO - Started process (PID=159) to work on /opt/airflow/dags/airflow1.py
[2025-10-17T21:05:05.171+0000] {processor.py:830} INFO - Processing file /opt/airflow/dags/airflow1.py for tasks to queue
[2025-10-17T21:05:05.173+0000] {logging_mixin.py:188} INFO - [2025-10-17T21:05:05.173+0000] {dagbag.py:545} INFO - Filling up the DagBag from /opt/airflow/dags/airflow1.py
[2025-10-17T21:05:05.622+0000] {processor.py:840} INFO - DAG(s) 'Airflow_Lab1' retrieved from /opt/airflow/dags/airflow1.py
[2025-10-17T21:05:05.631+0000] {logging_mixin.py:188} INFO - [2025-10-17T21:05:05.631+0000] {dag.py:3096} INFO - Sync 1 DAGs
[2025-10-17T21:05:05.638+0000] {logging_mixin.py:188} INFO - [2025-10-17T21:05:05.637+0000] {dag.py:3954} INFO - Setting next_dagrun for Airflow_Lab1 to 2025-10-16 00:00:00+00:00, run_after=2025-10-17 00:00:00+00:00
[2025-10-17T21:05:05.644+0000] {processor.py:183} INFO - Processing /opt/airflow/dags/airflow1.py took 0.481 seconds
[2025-10-17T21:05:35.923+0000] {processor.py:161} INFO - Started process (PID=170) to work on /opt/airflow/dags/airflow1.py
[2025-10-17T21:05:35.924+0000] {processor.py:830} INFO - Processing file /opt/airflow/dags/airflow1.py for tasks to queue
[2025-10-17T21:05:35.925+0000] {logging_mixin.py:188} INFO - [2025-10-17T21:05:35.925+0000] {dagbag.py:545} INFO - Filling up the DagBag from /opt/airflow/dags/airflow1.py
[2025-10-17T21:05:36.348+0000] {processor.py:840} INFO - DAG(s) 'Airflow_Lab1' retrieved from /opt/airflow/dags/airflow1.py
[2025-10-17T21:05:36.358+0000] {logging_mixin.py:188} INFO - [2025-10-17T21:05:36.358+0000] {dag.py:3096} INFO - Sync 1 DAGs
[2025-10-17T21:05:36.364+0000] {logging_mixin.py:188} INFO - [2025-10-17T21:05:36.364+0000] {dag.py:3954} INFO - Setting next_dagrun for Airflow_Lab1 to 2025-10-16 00:00:00+00:00, run_after=2025-10-17 00:00:00+00:00
[2025-10-17T21:05:36.370+0000] {processor.py:183} INFO - Processing /opt/airflow/dags/airflow1.py took 0.452 seconds
[2025-10-17T21:06:06.648+0000] {processor.py:161} INFO - Started process (PID=181) to work on /opt/airflow/dags/airflow1.py
[2025-10-17T21:06:06.649+0000] {processor.py:830} INFO - Processing file /opt/airflow/dags/airflow1.py for tasks to queue
[2025-10-17T21:06:06.651+0000] {logging_mixin.py:188} INFO - [2025-10-17T21:06:06.651+0000] {dagbag.py:545} INFO - Filling up the DagBag from /opt/airflow/dags/airflow1.py
[2025-10-17T21:06:07.110+0000] {processor.py:840} INFO - DAG(s) 'Airflow_Lab1' retrieved from /opt/airflow/dags/airflow1.py
[2025-10-17T21:06:07.119+0000] {logging_mixin.py:188} INFO - [2025-10-17T21:06:07.119+0000] {dag.py:3096} INFO - Sync 1 DAGs
[2025-10-17T21:06:07.126+0000] {logging_mixin.py:188} INFO - [2025-10-17T21:06:07.126+0000] {dag.py:3954} INFO - Setting next_dagrun for Airflow_Lab1 to 2025-10-16 00:00:00+00:00, run_after=2025-10-17 00:00:00+00:00
[2025-10-17T21:06:07.131+0000] {processor.py:183} INFO - Processing /opt/airflow/dags/airflow1.py took 0.491 seconds
[2025-10-17T21:06:37.400+0000] {processor.py:161} INFO - Started process (PID=192) to work on /opt/airflow/dags/airflow1.py
[2025-10-17T21:06:37.401+0000] {processor.py:830} INFO - Processing file /opt/airflow/dags/airflow1.py for tasks to queue
[2025-10-17T21:06:37.403+0000] {logging_mixin.py:188} INFO - [2025-10-17T21:06:37.403+0000] {dagbag.py:545} INFO - Filling up the DagBag from /opt/airflow/dags/airflow1.py
[2025-10-17T21:06:37.805+0000] {processor.py:840} INFO - DAG(s) 'Airflow_Lab1' retrieved from /opt/airflow/dags/airflow1.py
[2025-10-17T21:06:37.815+0000] {logging_mixin.py:188} INFO - [2025-10-17T21:06:37.815+0000] {dag.py:3096} INFO - Sync 1 DAGs
[2025-10-17T21:06:37.821+0000] {logging_mixin.py:188} INFO - [2025-10-17T21:06:37.821+0000] {dag.py:3954} INFO - Setting next_dagrun for Airflow_Lab1 to 2025-10-16 00:00:00+00:00, run_after=2025-10-17 00:00:00+00:00
[2025-10-17T21:06:37.826+0000] {processor.py:183} INFO - Processing /opt/airflow/dags/airflow1.py took 0.433 seconds
[2025-10-17T21:07:08.113+0000] {processor.py:161} INFO - Started process (PID=203) to work on /opt/airflow/dags/airflow1.py
[2025-10-17T21:07:08.114+0000] {processor.py:830} INFO - Processing file /opt/airflow/dags/airflow1.py for tasks to queue
[2025-10-17T21:07:08.116+0000] {logging_mixin.py:188} INFO - [2025-10-17T21:07:08.116+0000] {dagbag.py:545} INFO - Filling up the DagBag from /opt/airflow/dags/airflow1.py
[2025-10-17T21:07:08.564+0000] {processor.py:840} INFO - DAG(s) 'Airflow_Lab1' retrieved from /opt/airflow/dags/airflow1.py
[2025-10-17T21:07:08.574+0000] {logging_mixin.py:188} INFO - [2025-10-17T21:07:08.574+0000] {dag.py:3096} INFO - Sync 1 DAGs
[2025-10-17T21:07:08.580+0000] {logging_mixin.py:188} INFO - [2025-10-17T21:07:08.580+0000] {dag.py:3954} INFO - Setting next_dagrun for Airflow_Lab1 to 2025-10-16 00:00:00+00:00, run_after=2025-10-17 00:00:00+00:00
[2025-10-17T21:07:08.585+0000] {processor.py:183} INFO - Processing /opt/airflow/dags/airflow1.py took 0.478 seconds
[2025-10-17T21:07:38.840+0000] {processor.py:161} INFO - Started process (PID=214) to work on /opt/airflow/dags/airflow1.py
[2025-10-17T21:07:38.841+0000] {processor.py:830} INFO - Processing file /opt/airflow/dags/airflow1.py for tasks to queue
[2025-10-17T21:07:38.843+0000] {logging_mixin.py:188} INFO - [2025-10-17T21:07:38.843+0000] {dagbag.py:545} INFO - Filling up the DagBag from /opt/airflow/dags/airflow1.py
[2025-10-17T21:07:39.250+0000] {processor.py:840} INFO - DAG(s) 'Airflow_Lab1' retrieved from /opt/airflow/dags/airflow1.py
[2025-10-17T21:07:39.259+0000] {logging_mixin.py:188} INFO - [2025-10-17T21:07:39.259+0000] {dag.py:3096} INFO - Sync 1 DAGs
[2025-10-17T21:07:39.265+0000] {logging_mixin.py:188} INFO - [2025-10-17T21:07:39.265+0000] {dag.py:3954} INFO - Setting next_dagrun for Airflow_Lab1 to 2025-10-16 00:00:00+00:00, run_after=2025-10-17 00:00:00+00:00
[2025-10-17T21:07:39.270+0000] {processor.py:183} INFO - Processing /opt/airflow/dags/airflow1.py took 0.436 seconds
[2025-10-17T21:08:09.552+0000] {processor.py:161} INFO - Started process (PID=225) to work on /opt/airflow/dags/airflow1.py
[2025-10-17T21:08:09.553+0000] {processor.py:830} INFO - Processing file /opt/airflow/dags/airflow1.py for tasks to queue
[2025-10-17T21:08:09.555+0000] {logging_mixin.py:188} INFO - [2025-10-17T21:08:09.555+0000] {dagbag.py:545} INFO - Filling up the DagBag from /opt/airflow/dags/airflow1.py
[2025-10-17T21:08:09.947+0000] {processor.py:840} INFO - DAG(s) 'Airflow_Lab1' retrieved from /opt/airflow/dags/airflow1.py
[2025-10-17T21:08:09.956+0000] {logging_mixin.py:188} INFO - [2025-10-17T21:08:09.955+0000] {dag.py:3096} INFO - Sync 1 DAGs
[2025-10-17T21:08:09.962+0000] {logging_mixin.py:188} INFO - [2025-10-17T21:08:09.962+0000] {dag.py:3954} INFO - Setting next_dagrun for Airflow_Lab1 to 2025-10-16 00:00:00+00:00, run_after=2025-10-17 00:00:00+00:00
[2025-10-17T21:08:09.967+0000] {processor.py:183} INFO - Processing /opt/airflow/dags/airflow1.py took 0.420 seconds
[2025-10-17T21:08:40.244+0000] {processor.py:161} INFO - Started process (PID=236) to work on /opt/airflow/dags/airflow1.py
[2025-10-17T21:08:40.245+0000] {processor.py:830} INFO - Processing file /opt/airflow/dags/airflow1.py for tasks to queue
[2025-10-17T21:08:40.247+0000] {logging_mixin.py:188} INFO - [2025-10-17T21:08:40.247+0000] {dagbag.py:545} INFO - Filling up the DagBag from /opt/airflow/dags/airflow1.py
[2025-10-17T21:08:40.661+0000] {processor.py:840} INFO - DAG(s) 'Airflow_Lab1' retrieved from /opt/airflow/dags/airflow1.py
[2025-10-17T21:08:40.671+0000] {logging_mixin.py:188} INFO - [2025-10-17T21:08:40.670+0000] {dag.py:3096} INFO - Sync 1 DAGs
[2025-10-17T21:08:40.677+0000] {logging_mixin.py:188} INFO - [2025-10-17T21:08:40.677+0000] {dag.py:3954} INFO - Setting next_dagrun for Airflow_Lab1 to 2025-10-16 00:00:00+00:00, run_after=2025-10-17 00:00:00+00:00
[2025-10-17T21:08:40.682+0000] {processor.py:183} INFO - Processing /opt/airflow/dags/airflow1.py took 0.446 seconds
[2025-10-17T21:09:10.900+0000] {processor.py:161} INFO - Started process (PID=259) to work on /opt/airflow/dags/airflow1.py
[2025-10-17T21:09:10.901+0000] {processor.py:830} INFO - Processing file /opt/airflow/dags/airflow1.py for tasks to queue
[2025-10-17T21:09:10.902+0000] {logging_mixin.py:188} INFO - [2025-10-17T21:09:10.902+0000] {dagbag.py:545} INFO - Filling up the DagBag from /opt/airflow/dags/airflow1.py
[2025-10-17T21:09:11.397+0000] {processor.py:840} INFO - DAG(s) 'Airflow_Lab1' retrieved from /opt/airflow/dags/airflow1.py
[2025-10-17T21:09:11.407+0000] {logging_mixin.py:188} INFO - [2025-10-17T21:09:11.407+0000] {dag.py:3096} INFO - Sync 1 DAGs
[2025-10-17T21:09:11.414+0000] {logging_mixin.py:188} INFO - [2025-10-17T21:09:11.414+0000] {dag.py:3954} INFO - Setting next_dagrun for Airflow_Lab1 to 2025-10-17 00:00:00+00:00, run_after=2025-10-18 00:00:00+00:00
[2025-10-17T21:09:11.420+0000] {processor.py:183} INFO - Processing /opt/airflow/dags/airflow1.py took 0.522 seconds
[2025-10-17T21:09:41.617+0000] {processor.py:161} INFO - Started process (PID=274) to work on /opt/airflow/dags/airflow1.py
[2025-10-17T21:09:41.618+0000] {processor.py:830} INFO - Processing file /opt/airflow/dags/airflow1.py for tasks to queue
[2025-10-17T21:09:41.620+0000] {logging_mixin.py:188} INFO - [2025-10-17T21:09:41.620+0000] {dagbag.py:545} INFO - Filling up the DagBag from /opt/airflow/dags/airflow1.py
[2025-10-17T21:09:42.119+0000] {processor.py:840} INFO - DAG(s) 'Airflow_Lab1' retrieved from /opt/airflow/dags/airflow1.py
[2025-10-17T21:09:42.130+0000] {logging_mixin.py:188} INFO - [2025-10-17T21:09:42.130+0000] {dag.py:3096} INFO - Sync 1 DAGs
[2025-10-17T21:09:42.137+0000] {logging_mixin.py:188} INFO - [2025-10-17T21:09:42.136+0000] {dag.py:3954} INFO - Setting next_dagrun for Airflow_Lab1 to 2025-10-17 00:00:00+00:00, run_after=2025-10-18 00:00:00+00:00
[2025-10-17T21:09:42.142+0000] {processor.py:183} INFO - Processing /opt/airflow/dags/airflow1.py took 0.533 seconds
[2025-10-17T21:10:12.330+0000] {processor.py:161} INFO - Started process (PID=285) to work on /opt/airflow/dags/airflow1.py
[2025-10-17T21:10:12.331+0000] {processor.py:830} INFO - Processing file /opt/airflow/dags/airflow1.py for tasks to queue
[2025-10-17T21:10:12.334+0000] {logging_mixin.py:188} INFO - [2025-10-17T21:10:12.333+0000] {dagbag.py:545} INFO - Filling up the DagBag from /opt/airflow/dags/airflow1.py
[2025-10-17T21:10:12.789+0000] {processor.py:840} INFO - DAG(s) 'Airflow_Lab1' retrieved from /opt/airflow/dags/airflow1.py
[2025-10-17T21:10:12.799+0000] {logging_mixin.py:188} INFO - [2025-10-17T21:10:12.799+0000] {dag.py:3096} INFO - Sync 1 DAGs
[2025-10-17T21:10:12.805+0000] {logging_mixin.py:188} INFO - [2025-10-17T21:10:12.805+0000] {dag.py:3954} INFO - Setting next_dagrun for Airflow_Lab1 to 2025-10-17 00:00:00+00:00, run_after=2025-10-18 00:00:00+00:00
[2025-10-17T21:10:12.811+0000] {processor.py:183} INFO - Processing /opt/airflow/dags/airflow1.py took 0.488 seconds
[2025-10-17T21:10:43.066+0000] {processor.py:161} INFO - Started process (PID=296) to work on /opt/airflow/dags/airflow1.py
[2025-10-17T21:10:43.067+0000] {processor.py:830} INFO - Processing file /opt/airflow/dags/airflow1.py for tasks to queue
[2025-10-17T21:10:43.069+0000] {logging_mixin.py:188} INFO - [2025-10-17T21:10:43.069+0000] {dagbag.py:545} INFO - Filling up the DagBag from /opt/airflow/dags/airflow1.py
[2025-10-17T21:10:43.510+0000] {processor.py:840} INFO - DAG(s) 'Airflow_Lab1' retrieved from /opt/airflow/dags/airflow1.py
[2025-10-17T21:10:43.518+0000] {logging_mixin.py:188} INFO - [2025-10-17T21:10:43.518+0000] {dag.py:3096} INFO - Sync 1 DAGs
[2025-10-17T21:10:43.524+0000] {logging_mixin.py:188} INFO - [2025-10-17T21:10:43.524+0000] {dag.py:3954} INFO - Setting next_dagrun for Airflow_Lab1 to 2025-10-17 00:00:00+00:00, run_after=2025-10-18 00:00:00+00:00
[2025-10-17T21:10:43.529+0000] {processor.py:183} INFO - Processing /opt/airflow/dags/airflow1.py took 0.469 seconds
[2025-10-17T21:11:13.805+0000] {processor.py:161} INFO - Started process (PID=307) to work on /opt/airflow/dags/airflow1.py
[2025-10-17T21:11:13.806+0000] {processor.py:830} INFO - Processing file /opt/airflow/dags/airflow1.py for tasks to queue
[2025-10-17T21:11:13.809+0000] {logging_mixin.py:188} INFO - [2025-10-17T21:11:13.809+0000] {dagbag.py:545} INFO - Filling up the DagBag from /opt/airflow/dags/airflow1.py
[2025-10-17T21:11:14.287+0000] {processor.py:840} INFO - DAG(s) 'Airflow_Lab1' retrieved from /opt/airflow/dags/airflow1.py
[2025-10-17T21:11:14.297+0000] {logging_mixin.py:188} INFO - [2025-10-17T21:11:14.296+0000] {dag.py:3096} INFO - Sync 1 DAGs
[2025-10-17T21:11:14.303+0000] {logging_mixin.py:188} INFO - [2025-10-17T21:11:14.303+0000] {dag.py:3954} INFO - Setting next_dagrun for Airflow_Lab1 to 2025-10-17 00:00:00+00:00, run_after=2025-10-18 00:00:00+00:00
[2025-10-17T21:11:14.309+0000] {processor.py:183} INFO - Processing /opt/airflow/dags/airflow1.py took 0.510 seconds
[2025-10-17T21:11:44.552+0000] {processor.py:161} INFO - Started process (PID=317) to work on /opt/airflow/dags/airflow1.py
[2025-10-17T21:11:44.553+0000] {processor.py:830} INFO - Processing file /opt/airflow/dags/airflow1.py for tasks to queue
[2025-10-17T21:11:44.555+0000] {logging_mixin.py:188} INFO - [2025-10-17T21:11:44.555+0000] {dagbag.py:545} INFO - Filling up the DagBag from /opt/airflow/dags/airflow1.py
[2025-10-17T21:11:44.989+0000] {processor.py:840} INFO - DAG(s) 'Airflow_Lab1' retrieved from /opt/airflow/dags/airflow1.py
[2025-10-17T21:11:44.997+0000] {logging_mixin.py:188} INFO - [2025-10-17T21:11:44.997+0000] {dag.py:3096} INFO - Sync 1 DAGs
[2025-10-17T21:11:45.004+0000] {logging_mixin.py:188} INFO - [2025-10-17T21:11:45.004+0000] {dag.py:3954} INFO - Setting next_dagrun for Airflow_Lab1 to 2025-10-17 00:00:00+00:00, run_after=2025-10-18 00:00:00+00:00
[2025-10-17T21:11:45.008+0000] {processor.py:183} INFO - Processing /opt/airflow/dags/airflow1.py took 0.463 seconds
[2025-10-17T21:12:15.291+0000] {processor.py:161} INFO - Started process (PID=328) to work on /opt/airflow/dags/airflow1.py
[2025-10-17T21:12:15.292+0000] {processor.py:830} INFO - Processing file /opt/airflow/dags/airflow1.py for tasks to queue
[2025-10-17T21:12:15.295+0000] {logging_mixin.py:188} INFO - [2025-10-17T21:12:15.295+0000] {dagbag.py:545} INFO - Filling up the DagBag from /opt/airflow/dags/airflow1.py
[2025-10-17T21:12:15.790+0000] {processor.py:840} INFO - DAG(s) 'Airflow_Lab1' retrieved from /opt/airflow/dags/airflow1.py
[2025-10-17T21:12:15.800+0000] {logging_mixin.py:188} INFO - [2025-10-17T21:12:15.800+0000] {dag.py:3096} INFO - Sync 1 DAGs
[2025-10-17T21:12:15.806+0000] {logging_mixin.py:188} INFO - [2025-10-17T21:12:15.806+0000] {dag.py:3954} INFO - Setting next_dagrun for Airflow_Lab1 to 2025-10-17 00:00:00+00:00, run_after=2025-10-18 00:00:00+00:00
[2025-10-17T21:12:15.812+0000] {processor.py:183} INFO - Processing /opt/airflow/dags/airflow1.py took 0.530 seconds
[2025-10-17T21:12:46.074+0000] {processor.py:161} INFO - Started process (PID=339) to work on /opt/airflow/dags/airflow1.py
[2025-10-17T21:12:46.076+0000] {processor.py:830} INFO - Processing file /opt/airflow/dags/airflow1.py for tasks to queue
[2025-10-17T21:12:46.079+0000] {logging_mixin.py:188} INFO - [2025-10-17T21:12:46.079+0000] {dagbag.py:545} INFO - Filling up the DagBag from /opt/airflow/dags/airflow1.py
[2025-10-17T21:12:46.572+0000] {processor.py:840} INFO - DAG(s) 'Airflow_Lab1' retrieved from /opt/airflow/dags/airflow1.py
[2025-10-17T21:12:46.581+0000] {logging_mixin.py:188} INFO - [2025-10-17T21:12:46.581+0000] {dag.py:3096} INFO - Sync 1 DAGs
[2025-10-17T21:12:46.587+0000] {logging_mixin.py:188} INFO - [2025-10-17T21:12:46.587+0000] {dag.py:3954} INFO - Setting next_dagrun for Airflow_Lab1 to 2025-10-17 00:00:00+00:00, run_after=2025-10-18 00:00:00+00:00
[2025-10-17T21:12:46.592+0000] {processor.py:183} INFO - Processing /opt/airflow/dags/airflow1.py took 0.524 seconds
[2025-10-17T21:13:16.910+0000] {processor.py:161} INFO - Started process (PID=350) to work on /opt/airflow/dags/airflow1.py
[2025-10-17T21:13:16.911+0000] {processor.py:830} INFO - Processing file /opt/airflow/dags/airflow1.py for tasks to queue
[2025-10-17T21:13:16.914+0000] {logging_mixin.py:188} INFO - [2025-10-17T21:13:16.913+0000] {dagbag.py:545} INFO - Filling up the DagBag from /opt/airflow/dags/airflow1.py
[2025-10-17T21:13:17.420+0000] {processor.py:840} INFO - DAG(s) 'Airflow_Lab1' retrieved from /opt/airflow/dags/airflow1.py
[2025-10-17T21:13:17.432+0000] {logging_mixin.py:188} INFO - [2025-10-17T21:13:17.431+0000] {dag.py:3096} INFO - Sync 1 DAGs
[2025-10-17T21:13:17.438+0000] {logging_mixin.py:188} INFO - [2025-10-17T21:13:17.438+0000] {dag.py:3954} INFO - Setting next_dagrun for Airflow_Lab1 to 2025-10-17 00:00:00+00:00, run_after=2025-10-18 00:00:00+00:00
[2025-10-17T21:13:17.443+0000] {processor.py:183} INFO - Processing /opt/airflow/dags/airflow1.py took 0.541 seconds
[2025-10-17T21:13:47.529+0000] {processor.py:161} INFO - Started process (PID=361) to work on /opt/airflow/dags/airflow1.py
[2025-10-17T21:13:47.530+0000] {processor.py:830} INFO - Processing file /opt/airflow/dags/airflow1.py for tasks to queue
[2025-10-17T21:13:47.532+0000] {logging_mixin.py:188} INFO - [2025-10-17T21:13:47.532+0000] {dagbag.py:545} INFO - Filling up the DagBag from /opt/airflow/dags/airflow1.py
[2025-10-17T21:13:47.953+0000] {processor.py:840} INFO - DAG(s) 'Airflow_Lab1' retrieved from /opt/airflow/dags/airflow1.py
[2025-10-17T21:13:47.962+0000] {logging_mixin.py:188} INFO - [2025-10-17T21:13:47.962+0000] {dag.py:3096} INFO - Sync 1 DAGs
[2025-10-17T21:13:47.968+0000] {logging_mixin.py:188} INFO - [2025-10-17T21:13:47.968+0000] {dag.py:3954} INFO - Setting next_dagrun for Airflow_Lab1 to 2025-10-17 00:00:00+00:00, run_after=2025-10-18 00:00:00+00:00
[2025-10-17T21:13:47.973+0000] {processor.py:183} INFO - Processing /opt/airflow/dags/airflow1.py took 0.451 seconds
[2025-10-17T21:14:18.233+0000] {processor.py:161} INFO - Started process (PID=372) to work on /opt/airflow/dags/airflow1.py
[2025-10-17T21:14:18.234+0000] {processor.py:830} INFO - Processing file /opt/airflow/dags/airflow1.py for tasks to queue
[2025-10-17T21:14:18.237+0000] {logging_mixin.py:188} INFO - [2025-10-17T21:14:18.236+0000] {dagbag.py:545} INFO - Filling up the DagBag from /opt/airflow/dags/airflow1.py
[2025-10-17T21:14:18.708+0000] {processor.py:840} INFO - DAG(s) 'Airflow_Lab1' retrieved from /opt/airflow/dags/airflow1.py
[2025-10-17T21:14:18.717+0000] {logging_mixin.py:188} INFO - [2025-10-17T21:14:18.717+0000] {dag.py:3096} INFO - Sync 1 DAGs
[2025-10-17T21:14:18.724+0000] {logging_mixin.py:188} INFO - [2025-10-17T21:14:18.724+0000] {dag.py:3954} INFO - Setting next_dagrun for Airflow_Lab1 to 2025-10-17 00:00:00+00:00, run_after=2025-10-18 00:00:00+00:00
[2025-10-17T21:14:18.729+0000] {processor.py:183} INFO - Processing /opt/airflow/dags/airflow1.py took 0.502 seconds
[2025-10-17T21:14:48.990+0000] {processor.py:161} INFO - Started process (PID=383) to work on /opt/airflow/dags/airflow1.py
[2025-10-17T21:14:48.991+0000] {processor.py:830} INFO - Processing file /opt/airflow/dags/airflow1.py for tasks to queue
[2025-10-17T21:14:48.993+0000] {logging_mixin.py:188} INFO - [2025-10-17T21:14:48.992+0000] {dagbag.py:545} INFO - Filling up the DagBag from /opt/airflow/dags/airflow1.py
[2025-10-17T21:14:49.466+0000] {processor.py:840} INFO - DAG(s) 'Airflow_Lab1' retrieved from /opt/airflow/dags/airflow1.py
[2025-10-17T21:14:49.476+0000] {logging_mixin.py:188} INFO - [2025-10-17T21:14:49.475+0000] {dag.py:3096} INFO - Sync 1 DAGs
[2025-10-17T21:14:49.482+0000] {logging_mixin.py:188} INFO - [2025-10-17T21:14:49.482+0000] {dag.py:3954} INFO - Setting next_dagrun for Airflow_Lab1 to 2025-10-17 00:00:00+00:00, run_after=2025-10-18 00:00:00+00:00
[2025-10-17T21:14:49.488+0000] {processor.py:183} INFO - Processing /opt/airflow/dags/airflow1.py took 0.505 seconds
[2025-10-17T21:15:19.749+0000] {processor.py:161} INFO - Started process (PID=394) to work on /opt/airflow/dags/airflow1.py
[2025-10-17T21:15:19.750+0000] {processor.py:830} INFO - Processing file /opt/airflow/dags/airflow1.py for tasks to queue
[2025-10-17T21:15:19.752+0000] {logging_mixin.py:188} INFO - [2025-10-17T21:15:19.752+0000] {dagbag.py:545} INFO - Filling up the DagBag from /opt/airflow/dags/airflow1.py
[2025-10-17T21:15:20.225+0000] {processor.py:840} INFO - DAG(s) 'Airflow_Lab1' retrieved from /opt/airflow/dags/airflow1.py
[2025-10-17T21:15:20.235+0000] {logging_mixin.py:188} INFO - [2025-10-17T21:15:20.235+0000] {dag.py:3096} INFO - Sync 1 DAGs
[2025-10-17T21:15:20.242+0000] {logging_mixin.py:188} INFO - [2025-10-17T21:15:20.242+0000] {dag.py:3954} INFO - Setting next_dagrun for Airflow_Lab1 to 2025-10-17 00:00:00+00:00, run_after=2025-10-18 00:00:00+00:00
[2025-10-17T21:15:20.247+0000] {processor.py:183} INFO - Processing /opt/airflow/dags/airflow1.py took 0.506 seconds
[2025-10-17T21:15:50.491+0000] {processor.py:161} INFO - Started process (PID=405) to work on /opt/airflow/dags/airflow1.py
[2025-10-17T21:15:50.492+0000] {processor.py:830} INFO - Processing file /opt/airflow/dags/airflow1.py for tasks to queue
[2025-10-17T21:15:50.494+0000] {logging_mixin.py:188} INFO - [2025-10-17T21:15:50.493+0000] {dagbag.py:545} INFO - Filling up the DagBag from /opt/airflow/dags/airflow1.py
[2025-10-17T21:15:50.887+0000] {processor.py:840} INFO - DAG(s) 'Airflow_Lab1' retrieved from /opt/airflow/dags/airflow1.py
[2025-10-17T21:15:50.897+0000] {logging_mixin.py:188} INFO - [2025-10-17T21:15:50.897+0000] {dag.py:3096} INFO - Sync 1 DAGs
[2025-10-17T21:15:50.903+0000] {logging_mixin.py:188} INFO - [2025-10-17T21:15:50.903+0000] {dag.py:3954} INFO - Setting next_dagrun for Airflow_Lab1 to 2025-10-17 00:00:00+00:00, run_after=2025-10-18 00:00:00+00:00
[2025-10-17T21:15:50.909+0000] {processor.py:183} INFO - Processing /opt/airflow/dags/airflow1.py took 0.423 seconds
[2025-10-17T21:16:21.173+0000] {processor.py:161} INFO - Started process (PID=416) to work on /opt/airflow/dags/airflow1.py
[2025-10-17T21:16:21.174+0000] {processor.py:830} INFO - Processing file /opt/airflow/dags/airflow1.py for tasks to queue
[2025-10-17T21:16:21.175+0000] {logging_mixin.py:188} INFO - [2025-10-17T21:16:21.175+0000] {dagbag.py:545} INFO - Filling up the DagBag from /opt/airflow/dags/airflow1.py
[2025-10-17T21:16:21.558+0000] {processor.py:840} INFO - DAG(s) 'Airflow_Lab1' retrieved from /opt/airflow/dags/airflow1.py
[2025-10-17T21:16:21.566+0000] {logging_mixin.py:188} INFO - [2025-10-17T21:16:21.566+0000] {dag.py:3096} INFO - Sync 1 DAGs
[2025-10-17T21:16:21.572+0000] {logging_mixin.py:188} INFO - [2025-10-17T21:16:21.572+0000] {dag.py:3954} INFO - Setting next_dagrun for Airflow_Lab1 to 2025-10-17 00:00:00+00:00, run_after=2025-10-18 00:00:00+00:00
[2025-10-17T21:16:21.577+0000] {processor.py:183} INFO - Processing /opt/airflow/dags/airflow1.py took 0.410 seconds
[2025-10-17T21:16:51.896+0000] {processor.py:161} INFO - Started process (PID=427) to work on /opt/airflow/dags/airflow1.py
[2025-10-17T21:16:51.898+0000] {processor.py:830} INFO - Processing file /opt/airflow/dags/airflow1.py for tasks to queue
[2025-10-17T21:16:51.900+0000] {logging_mixin.py:188} INFO - [2025-10-17T21:16:51.900+0000] {dagbag.py:545} INFO - Filling up the DagBag from /opt/airflow/dags/airflow1.py
[2025-10-17T21:16:52.436+0000] {processor.py:840} INFO - DAG(s) 'Airflow_Lab1' retrieved from /opt/airflow/dags/airflow1.py
[2025-10-17T21:16:52.449+0000] {logging_mixin.py:188} INFO - [2025-10-17T21:16:52.449+0000] {dag.py:3096} INFO - Sync 1 DAGs
[2025-10-17T21:16:52.456+0000] {logging_mixin.py:188} INFO - [2025-10-17T21:16:52.456+0000] {dag.py:3954} INFO - Setting next_dagrun for Airflow_Lab1 to 2025-10-17 00:00:00+00:00, run_after=2025-10-18 00:00:00+00:00
[2025-10-17T21:16:52.463+0000] {processor.py:183} INFO - Processing /opt/airflow/dags/airflow1.py took 0.575 seconds
[2025-10-17T21:17:22.654+0000] {processor.py:161} INFO - Started process (PID=438) to work on /opt/airflow/dags/airflow1.py
[2025-10-17T21:17:22.655+0000] {processor.py:830} INFO - Processing file /opt/airflow/dags/airflow1.py for tasks to queue
[2025-10-17T21:17:22.657+0000] {logging_mixin.py:188} INFO - [2025-10-17T21:17:22.657+0000] {dagbag.py:545} INFO - Filling up the DagBag from /opt/airflow/dags/airflow1.py
[2025-10-17T21:17:23.062+0000] {processor.py:840} INFO - DAG(s) 'Airflow_Lab1' retrieved from /opt/airflow/dags/airflow1.py
[2025-10-17T21:17:23.071+0000] {logging_mixin.py:188} INFO - [2025-10-17T21:17:23.070+0000] {dag.py:3096} INFO - Sync 1 DAGs
[2025-10-17T21:17:23.077+0000] {logging_mixin.py:188} INFO - [2025-10-17T21:17:23.077+0000] {dag.py:3954} INFO - Setting next_dagrun for Airflow_Lab1 to 2025-10-17 00:00:00+00:00, run_after=2025-10-18 00:00:00+00:00
[2025-10-17T21:17:23.082+0000] {processor.py:183} INFO - Processing /opt/airflow/dags/airflow1.py took 0.434 seconds
[2025-10-17T21:17:53.367+0000] {processor.py:161} INFO - Started process (PID=449) to work on /opt/airflow/dags/airflow1.py
[2025-10-17T21:17:53.368+0000] {processor.py:830} INFO - Processing file /opt/airflow/dags/airflow1.py for tasks to queue
[2025-10-17T21:17:53.371+0000] {logging_mixin.py:188} INFO - [2025-10-17T21:17:53.370+0000] {dagbag.py:545} INFO - Filling up the DagBag from /opt/airflow/dags/airflow1.py
[2025-10-17T21:17:53.819+0000] {processor.py:840} INFO - DAG(s) 'Airflow_Lab1' retrieved from /opt/airflow/dags/airflow1.py
[2025-10-17T21:17:53.828+0000] {logging_mixin.py:188} INFO - [2025-10-17T21:17:53.827+0000] {dag.py:3096} INFO - Sync 1 DAGs
[2025-10-17T21:17:53.834+0000] {logging_mixin.py:188} INFO - [2025-10-17T21:17:53.834+0000] {dag.py:3954} INFO - Setting next_dagrun for Airflow_Lab1 to 2025-10-17 00:00:00+00:00, run_after=2025-10-18 00:00:00+00:00
[2025-10-17T21:17:53.839+0000] {processor.py:183} INFO - Processing /opt/airflow/dags/airflow1.py took 0.481 seconds
[2025-10-17T21:18:24.111+0000] {processor.py:161} INFO - Started process (PID=460) to work on /opt/airflow/dags/airflow1.py
[2025-10-17T21:18:24.112+0000] {processor.py:830} INFO - Processing file /opt/airflow/dags/airflow1.py for tasks to queue
[2025-10-17T21:18:24.114+0000] {logging_mixin.py:188} INFO - [2025-10-17T21:18:24.113+0000] {dagbag.py:545} INFO - Filling up the DagBag from /opt/airflow/dags/airflow1.py
[2025-10-17T21:18:24.553+0000] {processor.py:840} INFO - DAG(s) 'Airflow_Lab1' retrieved from /opt/airflow/dags/airflow1.py
[2025-10-17T21:18:24.565+0000] {logging_mixin.py:188} INFO - [2025-10-17T21:18:24.565+0000] {dag.py:3096} INFO - Sync 1 DAGs
[2025-10-17T21:18:24.572+0000] {logging_mixin.py:188} INFO - [2025-10-17T21:18:24.572+0000] {dag.py:3954} INFO - Setting next_dagrun for Airflow_Lab1 to 2025-10-17 00:00:00+00:00, run_after=2025-10-18 00:00:00+00:00
[2025-10-17T21:18:24.577+0000] {processor.py:183} INFO - Processing /opt/airflow/dags/airflow1.py took 0.473 seconds
[2025-10-17T21:18:54.884+0000] {processor.py:161} INFO - Started process (PID=471) to work on /opt/airflow/dags/airflow1.py
[2025-10-17T21:18:54.885+0000] {processor.py:830} INFO - Processing file /opt/airflow/dags/airflow1.py for tasks to queue
[2025-10-17T21:18:54.887+0000] {logging_mixin.py:188} INFO - [2025-10-17T21:18:54.887+0000] {dagbag.py:545} INFO - Filling up the DagBag from /opt/airflow/dags/airflow1.py
[2025-10-17T21:18:55.330+0000] {processor.py:840} INFO - DAG(s) 'Airflow_Lab1' retrieved from /opt/airflow/dags/airflow1.py
[2025-10-17T21:18:55.341+0000] {logging_mixin.py:188} INFO - [2025-10-17T21:18:55.341+0000] {dag.py:3096} INFO - Sync 1 DAGs
[2025-10-17T21:18:55.347+0000] {logging_mixin.py:188} INFO - [2025-10-17T21:18:55.347+0000] {dag.py:3954} INFO - Setting next_dagrun for Airflow_Lab1 to 2025-10-17 00:00:00+00:00, run_after=2025-10-18 00:00:00+00:00
[2025-10-17T21:18:55.353+0000] {processor.py:183} INFO - Processing /opt/airflow/dags/airflow1.py took 0.477 seconds
[2025-10-17T21:19:25.623+0000] {processor.py:161} INFO - Started process (PID=482) to work on /opt/airflow/dags/airflow1.py
[2025-10-17T21:19:25.624+0000] {processor.py:830} INFO - Processing file /opt/airflow/dags/airflow1.py for tasks to queue
[2025-10-17T21:19:25.625+0000] {logging_mixin.py:188} INFO - [2025-10-17T21:19:25.625+0000] {dagbag.py:545} INFO - Filling up the DagBag from /opt/airflow/dags/airflow1.py
[2025-10-17T21:19:26.032+0000] {processor.py:840} INFO - DAG(s) 'Airflow_Lab1' retrieved from /opt/airflow/dags/airflow1.py
[2025-10-17T21:19:26.041+0000] {logging_mixin.py:188} INFO - [2025-10-17T21:19:26.041+0000] {dag.py:3096} INFO - Sync 1 DAGs
[2025-10-17T21:19:26.047+0000] {logging_mixin.py:188} INFO - [2025-10-17T21:19:26.047+0000] {dag.py:3954} INFO - Setting next_dagrun for Airflow_Lab1 to 2025-10-17 00:00:00+00:00, run_after=2025-10-18 00:00:00+00:00
[2025-10-17T21:19:26.052+0000] {processor.py:183} INFO - Processing /opt/airflow/dags/airflow1.py took 0.435 seconds
[2025-10-17T21:19:56.316+0000] {processor.py:161} INFO - Started process (PID=493) to work on /opt/airflow/dags/airflow1.py
[2025-10-17T21:19:56.317+0000] {processor.py:830} INFO - Processing file /opt/airflow/dags/airflow1.py for tasks to queue
[2025-10-17T21:19:56.321+0000] {logging_mixin.py:188} INFO - [2025-10-17T21:19:56.320+0000] {dagbag.py:545} INFO - Filling up the DagBag from /opt/airflow/dags/airflow1.py
[2025-10-17T21:19:56.800+0000] {processor.py:840} INFO - DAG(s) 'Airflow_Lab1' retrieved from /opt/airflow/dags/airflow1.py
[2025-10-17T21:19:56.809+0000] {logging_mixin.py:188} INFO - [2025-10-17T21:19:56.809+0000] {dag.py:3096} INFO - Sync 1 DAGs
[2025-10-17T21:19:56.815+0000] {logging_mixin.py:188} INFO - [2025-10-17T21:19:56.815+0000] {dag.py:3954} INFO - Setting next_dagrun for Airflow_Lab1 to 2025-10-17 00:00:00+00:00, run_after=2025-10-18 00:00:00+00:00
[2025-10-17T21:19:56.821+0000] {processor.py:183} INFO - Processing /opt/airflow/dags/airflow1.py took 0.510 seconds
[2025-10-17T21:20:27.105+0000] {processor.py:161} INFO - Started process (PID=504) to work on /opt/airflow/dags/airflow1.py
[2025-10-17T21:20:27.106+0000] {processor.py:830} INFO - Processing file /opt/airflow/dags/airflow1.py for tasks to queue
[2025-10-17T21:20:27.108+0000] {logging_mixin.py:188} INFO - [2025-10-17T21:20:27.107+0000] {dagbag.py:545} INFO - Filling up the DagBag from /opt/airflow/dags/airflow1.py
[2025-10-17T21:20:27.503+0000] {processor.py:840} INFO - DAG(s) 'Airflow_Lab1' retrieved from /opt/airflow/dags/airflow1.py
[2025-10-17T21:20:27.511+0000] {logging_mixin.py:188} INFO - [2025-10-17T21:20:27.511+0000] {dag.py:3096} INFO - Sync 1 DAGs
[2025-10-17T21:20:27.518+0000] {logging_mixin.py:188} INFO - [2025-10-17T21:20:27.518+0000] {dag.py:3954} INFO - Setting next_dagrun for Airflow_Lab1 to 2025-10-17 00:00:00+00:00, run_after=2025-10-18 00:00:00+00:00
[2025-10-17T21:20:27.523+0000] {processor.py:183} INFO - Processing /opt/airflow/dags/airflow1.py took 0.424 seconds
[2025-10-17T21:20:57.809+0000] {processor.py:161} INFO - Started process (PID=515) to work on /opt/airflow/dags/airflow1.py
[2025-10-17T21:20:57.809+0000] {processor.py:830} INFO - Processing file /opt/airflow/dags/airflow1.py for tasks to queue
[2025-10-17T21:20:57.811+0000] {logging_mixin.py:188} INFO - [2025-10-17T21:20:57.811+0000] {dagbag.py:545} INFO - Filling up the DagBag from /opt/airflow/dags/airflow1.py
[2025-10-17T21:20:58.196+0000] {processor.py:840} INFO - DAG(s) 'Airflow_Lab1' retrieved from /opt/airflow/dags/airflow1.py
[2025-10-17T21:20:58.204+0000] {logging_mixin.py:188} INFO - [2025-10-17T21:20:58.204+0000] {dag.py:3096} INFO - Sync 1 DAGs
[2025-10-17T21:20:58.211+0000] {logging_mixin.py:188} INFO - [2025-10-17T21:20:58.211+0000] {dag.py:3954} INFO - Setting next_dagrun for Airflow_Lab1 to 2025-10-17 00:00:00+00:00, run_after=2025-10-18 00:00:00+00:00
[2025-10-17T21:20:58.216+0000] {processor.py:183} INFO - Processing /opt/airflow/dags/airflow1.py took 0.413 seconds
[2025-10-17T21:21:28.494+0000] {processor.py:161} INFO - Started process (PID=526) to work on /opt/airflow/dags/airflow1.py
[2025-10-17T21:21:28.494+0000] {processor.py:830} INFO - Processing file /opt/airflow/dags/airflow1.py for tasks to queue
[2025-10-17T21:21:28.497+0000] {logging_mixin.py:188} INFO - [2025-10-17T21:21:28.496+0000] {dagbag.py:545} INFO - Filling up the DagBag from /opt/airflow/dags/airflow1.py
[2025-10-17T21:21:28.997+0000] {processor.py:840} INFO - DAG(s) 'Airflow_Lab1' retrieved from /opt/airflow/dags/airflow1.py
[2025-10-17T21:21:29.007+0000] {logging_mixin.py:188} INFO - [2025-10-17T21:21:29.007+0000] {dag.py:3096} INFO - Sync 1 DAGs
[2025-10-17T21:21:29.013+0000] {logging_mixin.py:188} INFO - [2025-10-17T21:21:29.013+0000] {dag.py:3954} INFO - Setting next_dagrun for Airflow_Lab1 to 2025-10-17 00:00:00+00:00, run_after=2025-10-18 00:00:00+00:00
[2025-10-17T21:21:29.018+0000] {processor.py:183} INFO - Processing /opt/airflow/dags/airflow1.py took 0.531 seconds
[2025-10-17T21:21:59.315+0000] {processor.py:161} INFO - Started process (PID=537) to work on /opt/airflow/dags/airflow1.py
[2025-10-17T21:21:59.316+0000] {processor.py:830} INFO - Processing file /opt/airflow/dags/airflow1.py for tasks to queue
[2025-10-17T21:21:59.318+0000] {logging_mixin.py:188} INFO - [2025-10-17T21:21:59.318+0000] {dagbag.py:545} INFO - Filling up the DagBag from /opt/airflow/dags/airflow1.py
[2025-10-17T21:21:59.721+0000] {processor.py:840} INFO - DAG(s) 'Airflow_Lab1' retrieved from /opt/airflow/dags/airflow1.py
[2025-10-17T21:21:59.731+0000] {logging_mixin.py:188} INFO - [2025-10-17T21:21:59.731+0000] {dag.py:3096} INFO - Sync 1 DAGs
[2025-10-17T21:21:59.737+0000] {logging_mixin.py:188} INFO - [2025-10-17T21:21:59.737+0000] {dag.py:3954} INFO - Setting next_dagrun for Airflow_Lab1 to 2025-10-17 00:00:00+00:00, run_after=2025-10-18 00:00:00+00:00
[2025-10-17T21:21:59.742+0000] {processor.py:183} INFO - Processing /opt/airflow/dags/airflow1.py took 0.434 seconds
[2025-10-17T21:22:30.022+0000] {processor.py:161} INFO - Started process (PID=548) to work on /opt/airflow/dags/airflow1.py
[2025-10-17T21:22:30.023+0000] {processor.py:830} INFO - Processing file /opt/airflow/dags/airflow1.py for tasks to queue
[2025-10-17T21:22:30.025+0000] {logging_mixin.py:188} INFO - [2025-10-17T21:22:30.024+0000] {dagbag.py:545} INFO - Filling up the DagBag from /opt/airflow/dags/airflow1.py
[2025-10-17T21:22:30.495+0000] {processor.py:840} INFO - DAG(s) 'Airflow_Lab1' retrieved from /opt/airflow/dags/airflow1.py
[2025-10-17T21:22:30.505+0000] {logging_mixin.py:188} INFO - [2025-10-17T21:22:30.504+0000] {dag.py:3096} INFO - Sync 1 DAGs
[2025-10-17T21:22:30.511+0000] {logging_mixin.py:188} INFO - [2025-10-17T21:22:30.511+0000] {dag.py:3954} INFO - Setting next_dagrun for Airflow_Lab1 to 2025-10-17 00:00:00+00:00, run_after=2025-10-18 00:00:00+00:00
[2025-10-17T21:22:30.517+0000] {processor.py:183} INFO - Processing /opt/airflow/dags/airflow1.py took 0.501 seconds
[2025-10-17T21:23:00.796+0000] {processor.py:161} INFO - Started process (PID=559) to work on /opt/airflow/dags/airflow1.py
[2025-10-17T21:23:00.797+0000] {processor.py:830} INFO - Processing file /opt/airflow/dags/airflow1.py for tasks to queue
[2025-10-17T21:23:00.798+0000] {logging_mixin.py:188} INFO - [2025-10-17T21:23:00.798+0000] {dagbag.py:545} INFO - Filling up the DagBag from /opt/airflow/dags/airflow1.py
[2025-10-17T21:23:01.207+0000] {processor.py:840} INFO - DAG(s) 'Airflow_Lab1' retrieved from /opt/airflow/dags/airflow1.py
[2025-10-17T21:23:01.215+0000] {logging_mixin.py:188} INFO - [2025-10-17T21:23:01.215+0000] {dag.py:3096} INFO - Sync 1 DAGs
[2025-10-17T21:23:01.221+0000] {logging_mixin.py:188} INFO - [2025-10-17T21:23:01.221+0000] {dag.py:3954} INFO - Setting next_dagrun for Airflow_Lab1 to 2025-10-17 00:00:00+00:00, run_after=2025-10-18 00:00:00+00:00
[2025-10-17T21:23:01.227+0000] {processor.py:183} INFO - Processing /opt/airflow/dags/airflow1.py took 0.438 seconds
[2025-10-17T21:23:31.489+0000] {processor.py:161} INFO - Started process (PID=570) to work on /opt/airflow/dags/airflow1.py
[2025-10-17T21:23:31.490+0000] {processor.py:830} INFO - Processing file /opt/airflow/dags/airflow1.py for tasks to queue
[2025-10-17T21:23:31.492+0000] {logging_mixin.py:188} INFO - [2025-10-17T21:23:31.492+0000] {dagbag.py:545} INFO - Filling up the DagBag from /opt/airflow/dags/airflow1.py
[2025-10-17T21:23:32.043+0000] {processor.py:840} INFO - DAG(s) 'Airflow_Lab1' retrieved from /opt/airflow/dags/airflow1.py
[2025-10-17T21:23:32.054+0000] {logging_mixin.py:188} INFO - [2025-10-17T21:23:32.054+0000] {dag.py:3096} INFO - Sync 1 DAGs
[2025-10-17T21:23:32.060+0000] {logging_mixin.py:188} INFO - [2025-10-17T21:23:32.060+0000] {dag.py:3954} INFO - Setting next_dagrun for Airflow_Lab1 to 2025-10-17 00:00:00+00:00, run_after=2025-10-18 00:00:00+00:00
[2025-10-17T21:23:32.065+0000] {processor.py:183} INFO - Processing /opt/airflow/dags/airflow1.py took 0.584 seconds
[2025-10-17T21:24:02.303+0000] {processor.py:161} INFO - Started process (PID=581) to work on /opt/airflow/dags/airflow1.py
[2025-10-17T21:24:02.304+0000] {processor.py:830} INFO - Processing file /opt/airflow/dags/airflow1.py for tasks to queue
[2025-10-17T21:24:02.305+0000] {logging_mixin.py:188} INFO - [2025-10-17T21:24:02.305+0000] {dagbag.py:545} INFO - Filling up the DagBag from /opt/airflow/dags/airflow1.py
[2025-10-17T21:24:02.704+0000] {processor.py:840} INFO - DAG(s) 'Airflow_Lab1' retrieved from /opt/airflow/dags/airflow1.py
[2025-10-17T21:24:02.713+0000] {logging_mixin.py:188} INFO - [2025-10-17T21:24:02.712+0000] {dag.py:3096} INFO - Sync 1 DAGs
[2025-10-17T21:24:02.719+0000] {logging_mixin.py:188} INFO - [2025-10-17T21:24:02.719+0000] {dag.py:3954} INFO - Setting next_dagrun for Airflow_Lab1 to 2025-10-17 00:00:00+00:00, run_after=2025-10-18 00:00:00+00:00
[2025-10-17T21:24:02.725+0000] {processor.py:183} INFO - Processing /opt/airflow/dags/airflow1.py took 0.428 seconds
[2025-10-17T22:54:07.399+0000] {processor.py:161} INFO - Started process (PID=559) to work on /opt/airflow/dags/airflow1.py
[2025-10-17T22:54:07.400+0000] {processor.py:830} INFO - Processing file /opt/airflow/dags/airflow1.py for tasks to queue
[2025-10-17T22:54:07.401+0000] {logging_mixin.py:188} INFO - [2025-10-17T22:54:07.401+0000] {dagbag.py:545} INFO - Filling up the DagBag from /opt/airflow/dags/airflow1.py
[2025-10-17T22:54:07.784+0000] {processor.py:840} INFO - DAG(s) 'Airflow_Lab1' retrieved from /opt/airflow/dags/airflow1.py
[2025-10-17T22:54:07.793+0000] {logging_mixin.py:188} INFO - [2025-10-17T22:54:07.792+0000] {dag.py:3096} INFO - Sync 1 DAGs
[2025-10-17T22:54:07.799+0000] {logging_mixin.py:188} INFO - [2025-10-17T22:54:07.799+0000] {dag.py:3954} INFO - Setting next_dagrun for Airflow_Lab1 to 2025-10-17 00:00:00+00:00, run_after=2025-10-18 00:00:00+00:00
[2025-10-17T22:54:07.804+0000] {processor.py:183} INFO - Processing /opt/airflow/dags/airflow1.py took 0.407 seconds
[2025-10-17T22:54:38.015+0000] {processor.py:161} INFO - Started process (PID=570) to work on /opt/airflow/dags/airflow1.py
[2025-10-17T22:54:38.015+0000] {processor.py:830} INFO - Processing file /opt/airflow/dags/airflow1.py for tasks to queue
[2025-10-17T22:54:38.017+0000] {logging_mixin.py:188} INFO - [2025-10-17T22:54:38.017+0000] {dagbag.py:545} INFO - Filling up the DagBag from /opt/airflow/dags/airflow1.py
[2025-10-17T22:54:38.492+0000] {processor.py:840} INFO - DAG(s) 'Airflow_Lab1' retrieved from /opt/airflow/dags/airflow1.py
[2025-10-17T22:54:38.504+0000] {logging_mixin.py:188} INFO - [2025-10-17T22:54:38.504+0000] {dag.py:3096} INFO - Sync 1 DAGs
[2025-10-17T22:54:38.513+0000] {logging_mixin.py:188} INFO - [2025-10-17T22:54:38.512+0000] {dag.py:3954} INFO - Setting next_dagrun for Airflow_Lab1 to 2025-10-17 00:00:00+00:00, run_after=2025-10-18 00:00:00+00:00
[2025-10-17T22:54:38.519+0000] {processor.py:183} INFO - Processing /opt/airflow/dags/airflow1.py took 0.507 seconds
[2025-10-17T22:55:08.702+0000] {processor.py:161} INFO - Started process (PID=581) to work on /opt/airflow/dags/airflow1.py
[2025-10-17T22:55:08.702+0000] {processor.py:830} INFO - Processing file /opt/airflow/dags/airflow1.py for tasks to queue
[2025-10-17T22:55:08.703+0000] {logging_mixin.py:188} INFO - [2025-10-17T22:55:08.703+0000] {dagbag.py:545} INFO - Filling up the DagBag from /opt/airflow/dags/airflow1.py
[2025-10-17T22:55:09.137+0000] {processor.py:840} INFO - DAG(s) 'Airflow_Lab1' retrieved from /opt/airflow/dags/airflow1.py
[2025-10-17T22:55:09.148+0000] {logging_mixin.py:188} INFO - [2025-10-17T22:55:09.148+0000] {dag.py:3096} INFO - Sync 1 DAGs
[2025-10-17T22:55:09.155+0000] {logging_mixin.py:188} INFO - [2025-10-17T22:55:09.155+0000] {dag.py:3954} INFO - Setting next_dagrun for Airflow_Lab1 to 2025-10-17 00:00:00+00:00, run_after=2025-10-18 00:00:00+00:00
[2025-10-17T22:55:09.160+0000] {processor.py:183} INFO - Processing /opt/airflow/dags/airflow1.py took 0.460 seconds
[2025-10-17T22:55:39.370+0000] {processor.py:161} INFO - Started process (PID=592) to work on /opt/airflow/dags/airflow1.py
[2025-10-17T22:55:39.371+0000] {processor.py:830} INFO - Processing file /opt/airflow/dags/airflow1.py for tasks to queue
[2025-10-17T22:55:39.374+0000] {logging_mixin.py:188} INFO - [2025-10-17T22:55:39.373+0000] {dagbag.py:545} INFO - Filling up the DagBag from /opt/airflow/dags/airflow1.py
[2025-10-17T22:55:39.797+0000] {processor.py:840} INFO - DAG(s) 'Airflow_Lab1' retrieved from /opt/airflow/dags/airflow1.py
[2025-10-17T22:55:39.806+0000] {logging_mixin.py:188} INFO - [2025-10-17T22:55:39.806+0000] {dag.py:3096} INFO - Sync 1 DAGs
[2025-10-17T22:55:39.812+0000] {logging_mixin.py:188} INFO - [2025-10-17T22:55:39.812+0000] {dag.py:3954} INFO - Setting next_dagrun for Airflow_Lab1 to 2025-10-17 00:00:00+00:00, run_after=2025-10-18 00:00:00+00:00
[2025-10-17T22:55:39.818+0000] {processor.py:183} INFO - Processing /opt/airflow/dags/airflow1.py took 0.454 seconds
[2025-10-17T22:56:10.090+0000] {processor.py:161} INFO - Started process (PID=603) to work on /opt/airflow/dags/airflow1.py
[2025-10-17T22:56:10.090+0000] {processor.py:830} INFO - Processing file /opt/airflow/dags/airflow1.py for tasks to queue
[2025-10-17T22:56:10.092+0000] {logging_mixin.py:188} INFO - [2025-10-17T22:56:10.091+0000] {dagbag.py:545} INFO - Filling up the DagBag from /opt/airflow/dags/airflow1.py
[2025-10-17T22:56:10.653+0000] {processor.py:840} INFO - DAG(s) 'Airflow_Lab1' retrieved from /opt/airflow/dags/airflow1.py
[2025-10-17T22:56:10.680+0000] {logging_mixin.py:188} INFO - [2025-10-17T22:56:10.680+0000] {dag.py:3096} INFO - Sync 1 DAGs
[2025-10-17T22:56:10.691+0000] {logging_mixin.py:188} INFO - [2025-10-17T22:56:10.691+0000] {dag.py:3954} INFO - Setting next_dagrun for Airflow_Lab1 to 2025-10-17 00:00:00+00:00, run_after=2025-10-18 00:00:00+00:00
[2025-10-17T22:56:10.698+0000] {processor.py:183} INFO - Processing /opt/airflow/dags/airflow1.py took 0.611 seconds
[2025-10-17T22:56:40.749+0000] {processor.py:161} INFO - Started process (PID=614) to work on /opt/airflow/dags/airflow1.py
[2025-10-17T22:56:40.749+0000] {processor.py:830} INFO - Processing file /opt/airflow/dags/airflow1.py for tasks to queue
[2025-10-17T22:56:40.751+0000] {logging_mixin.py:188} INFO - [2025-10-17T22:56:40.751+0000] {dagbag.py:545} INFO - Filling up the DagBag from /opt/airflow/dags/airflow1.py
[2025-10-17T22:56:41.223+0000] {processor.py:840} INFO - DAG(s) 'Airflow_Lab1' retrieved from /opt/airflow/dags/airflow1.py
[2025-10-17T22:56:41.237+0000] {logging_mixin.py:188} INFO - [2025-10-17T22:56:41.237+0000] {dag.py:3096} INFO - Sync 1 DAGs
[2025-10-17T22:56:41.243+0000] {logging_mixin.py:188} INFO - [2025-10-17T22:56:41.243+0000] {dag.py:3954} INFO - Setting next_dagrun for Airflow_Lab1 to 2025-10-17 00:00:00+00:00, run_after=2025-10-18 00:00:00+00:00
[2025-10-17T22:56:41.248+0000] {processor.py:183} INFO - Processing /opt/airflow/dags/airflow1.py took 0.503 seconds
[2025-10-17T22:57:11.514+0000] {processor.py:161} INFO - Started process (PID=625) to work on /opt/airflow/dags/airflow1.py
[2025-10-17T22:57:11.515+0000] {processor.py:830} INFO - Processing file /opt/airflow/dags/airflow1.py for tasks to queue
[2025-10-17T22:57:11.518+0000] {logging_mixin.py:188} INFO - [2025-10-17T22:57:11.517+0000] {dagbag.py:545} INFO - Filling up the DagBag from /opt/airflow/dags/airflow1.py
[2025-10-17T22:57:11.939+0000] {processor.py:840} INFO - DAG(s) 'Airflow_Lab1' retrieved from /opt/airflow/dags/airflow1.py
[2025-10-17T22:57:11.948+0000] {logging_mixin.py:188} INFO - [2025-10-17T22:57:11.948+0000] {dag.py:3096} INFO - Sync 1 DAGs
[2025-10-17T22:57:11.954+0000] {logging_mixin.py:188} INFO - [2025-10-17T22:57:11.954+0000] {dag.py:3954} INFO - Setting next_dagrun for Airflow_Lab1 to 2025-10-17 00:00:00+00:00, run_after=2025-10-18 00:00:00+00:00
[2025-10-17T22:57:11.959+0000] {processor.py:183} INFO - Processing /opt/airflow/dags/airflow1.py took 0.452 seconds
[2025-10-17T22:57:42.181+0000] {processor.py:161} INFO - Started process (PID=642) to work on /opt/airflow/dags/airflow1.py
[2025-10-17T22:57:42.181+0000] {processor.py:830} INFO - Processing file /opt/airflow/dags/airflow1.py for tasks to queue
[2025-10-17T22:57:42.183+0000] {logging_mixin.py:188} INFO - [2025-10-17T22:57:42.183+0000] {dagbag.py:545} INFO - Filling up the DagBag from /opt/airflow/dags/airflow1.py
[2025-10-17T22:57:42.594+0000] {processor.py:840} INFO - DAG(s) 'Airflow_Lab1' retrieved from /opt/airflow/dags/airflow1.py
[2025-10-17T22:57:42.602+0000] {logging_mixin.py:188} INFO - [2025-10-17T22:57:42.602+0000] {dag.py:3096} INFO - Sync 1 DAGs
[2025-10-17T22:57:42.608+0000] {logging_mixin.py:188} INFO - [2025-10-17T22:57:42.608+0000] {dag.py:3954} INFO - Setting next_dagrun for Airflow_Lab1 to 2025-10-17 00:00:00+00:00, run_after=2025-10-18 00:00:00+00:00
[2025-10-17T22:57:42.613+0000] {processor.py:183} INFO - Processing /opt/airflow/dags/airflow1.py took 0.437 seconds
[2025-10-17T22:58:12.832+0000] {processor.py:161} INFO - Started process (PID=653) to work on /opt/airflow/dags/airflow1.py
[2025-10-17T22:58:12.833+0000] {processor.py:830} INFO - Processing file /opt/airflow/dags/airflow1.py for tasks to queue
[2025-10-17T22:58:12.835+0000] {logging_mixin.py:188} INFO - [2025-10-17T22:58:12.835+0000] {dagbag.py:545} INFO - Filling up the DagBag from /opt/airflow/dags/airflow1.py
[2025-10-17T22:58:13.257+0000] {processor.py:840} INFO - DAG(s) 'Airflow_Lab1' retrieved from /opt/airflow/dags/airflow1.py
[2025-10-17T22:58:13.266+0000] {logging_mixin.py:188} INFO - [2025-10-17T22:58:13.266+0000] {dag.py:3096} INFO - Sync 1 DAGs
[2025-10-17T22:58:13.272+0000] {logging_mixin.py:188} INFO - [2025-10-17T22:58:13.272+0000] {dag.py:3954} INFO - Setting next_dagrun for Airflow_Lab1 to 2025-10-17 00:00:00+00:00, run_after=2025-10-18 00:00:00+00:00
[2025-10-17T22:58:13.277+0000] {processor.py:183} INFO - Processing /opt/airflow/dags/airflow1.py took 0.451 seconds
[2025-10-17T22:58:43.518+0000] {processor.py:161} INFO - Started process (PID=664) to work on /opt/airflow/dags/airflow1.py
[2025-10-17T22:58:43.519+0000] {processor.py:830} INFO - Processing file /opt/airflow/dags/airflow1.py for tasks to queue
[2025-10-17T22:58:43.521+0000] {logging_mixin.py:188} INFO - [2025-10-17T22:58:43.520+0000] {dagbag.py:545} INFO - Filling up the DagBag from /opt/airflow/dags/airflow1.py
[2025-10-17T22:58:43.926+0000] {processor.py:840} INFO - DAG(s) 'Airflow_Lab1' retrieved from /opt/airflow/dags/airflow1.py
[2025-10-17T22:58:43.936+0000] {logging_mixin.py:188} INFO - [2025-10-17T22:58:43.936+0000] {dag.py:3096} INFO - Sync 1 DAGs
[2025-10-17T22:58:43.942+0000] {logging_mixin.py:188} INFO - [2025-10-17T22:58:43.942+0000] {dag.py:3954} INFO - Setting next_dagrun for Airflow_Lab1 to 2025-10-17 00:00:00+00:00, run_after=2025-10-18 00:00:00+00:00
[2025-10-17T22:58:43.949+0000] {processor.py:183} INFO - Processing /opt/airflow/dags/airflow1.py took 0.436 seconds
[2025-10-17T22:59:14.198+0000] {processor.py:161} INFO - Started process (PID=675) to work on /opt/airflow/dags/airflow1.py
[2025-10-17T22:59:14.199+0000] {processor.py:830} INFO - Processing file /opt/airflow/dags/airflow1.py for tasks to queue
[2025-10-17T22:59:14.201+0000] {logging_mixin.py:188} INFO - [2025-10-17T22:59:14.201+0000] {dagbag.py:545} INFO - Filling up the DagBag from /opt/airflow/dags/airflow1.py
[2025-10-17T22:59:14.629+0000] {processor.py:840} INFO - DAG(s) 'Airflow_Lab1' retrieved from /opt/airflow/dags/airflow1.py
[2025-10-17T22:59:14.638+0000] {logging_mixin.py:188} INFO - [2025-10-17T22:59:14.637+0000] {dag.py:3096} INFO - Sync 1 DAGs
[2025-10-17T22:59:14.643+0000] {logging_mixin.py:188} INFO - [2025-10-17T22:59:14.643+0000] {dag.py:3954} INFO - Setting next_dagrun for Airflow_Lab1 to 2025-10-17 00:00:00+00:00, run_after=2025-10-18 00:00:00+00:00
[2025-10-17T22:59:14.648+0000] {processor.py:183} INFO - Processing /opt/airflow/dags/airflow1.py took 0.457 seconds
[2025-10-17T22:59:44.840+0000] {processor.py:161} INFO - Started process (PID=686) to work on /opt/airflow/dags/airflow1.py
[2025-10-17T22:59:44.841+0000] {processor.py:830} INFO - Processing file /opt/airflow/dags/airflow1.py for tasks to queue
[2025-10-17T22:59:44.843+0000] {logging_mixin.py:188} INFO - [2025-10-17T22:59:44.843+0000] {dagbag.py:545} INFO - Filling up the DagBag from /opt/airflow/dags/airflow1.py
[2025-10-17T22:59:45.233+0000] {processor.py:840} INFO - DAG(s) 'Airflow_Lab1' retrieved from /opt/airflow/dags/airflow1.py
[2025-10-17T22:59:45.241+0000] {logging_mixin.py:188} INFO - [2025-10-17T22:59:45.241+0000] {dag.py:3096} INFO - Sync 1 DAGs
[2025-10-17T22:59:45.247+0000] {logging_mixin.py:188} INFO - [2025-10-17T22:59:45.247+0000] {dag.py:3954} INFO - Setting next_dagrun for Airflow_Lab1 to 2025-10-17 00:00:00+00:00, run_after=2025-10-18 00:00:00+00:00
[2025-10-17T22:59:45.252+0000] {processor.py:183} INFO - Processing /opt/airflow/dags/airflow1.py took 0.418 seconds
[2025-10-17T23:00:15.478+0000] {processor.py:161} INFO - Started process (PID=697) to work on /opt/airflow/dags/airflow1.py
[2025-10-17T23:00:15.479+0000] {processor.py:830} INFO - Processing file /opt/airflow/dags/airflow1.py for tasks to queue
[2025-10-17T23:00:15.481+0000] {logging_mixin.py:188} INFO - [2025-10-17T23:00:15.481+0000] {dagbag.py:545} INFO - Filling up the DagBag from /opt/airflow/dags/airflow1.py
[2025-10-17T23:00:15.936+0000] {processor.py:840} INFO - DAG(s) 'Airflow_Lab1' retrieved from /opt/airflow/dags/airflow1.py
[2025-10-17T23:00:15.946+0000] {logging_mixin.py:188} INFO - [2025-10-17T23:00:15.946+0000] {dag.py:3096} INFO - Sync 1 DAGs
[2025-10-17T23:00:15.953+0000] {logging_mixin.py:188} INFO - [2025-10-17T23:00:15.953+0000] {dag.py:3954} INFO - Setting next_dagrun for Airflow_Lab1 to 2025-10-17 00:00:00+00:00, run_after=2025-10-18 00:00:00+00:00
[2025-10-17T23:00:15.958+0000] {processor.py:183} INFO - Processing /opt/airflow/dags/airflow1.py took 0.486 seconds
[2025-10-17T23:00:46.173+0000] {processor.py:161} INFO - Started process (PID=708) to work on /opt/airflow/dags/airflow1.py
[2025-10-17T23:00:46.174+0000] {processor.py:830} INFO - Processing file /opt/airflow/dags/airflow1.py for tasks to queue
[2025-10-17T23:00:46.176+0000] {logging_mixin.py:188} INFO - [2025-10-17T23:00:46.175+0000] {dagbag.py:545} INFO - Filling up the DagBag from /opt/airflow/dags/airflow1.py
[2025-10-17T23:00:46.575+0000] {processor.py:840} INFO - DAG(s) 'Airflow_Lab1' retrieved from /opt/airflow/dags/airflow1.py
[2025-10-17T23:00:46.583+0000] {logging_mixin.py:188} INFO - [2025-10-17T23:00:46.583+0000] {dag.py:3096} INFO - Sync 1 DAGs
[2025-10-17T23:00:46.589+0000] {logging_mixin.py:188} INFO - [2025-10-17T23:00:46.589+0000] {dag.py:3954} INFO - Setting next_dagrun for Airflow_Lab1 to 2025-10-17 00:00:00+00:00, run_after=2025-10-18 00:00:00+00:00
[2025-10-17T23:00:46.594+0000] {processor.py:183} INFO - Processing /opt/airflow/dags/airflow1.py took 0.427 seconds
[2025-10-17T23:01:16.808+0000] {processor.py:161} INFO - Started process (PID=718) to work on /opt/airflow/dags/airflow1.py
[2025-10-17T23:01:16.809+0000] {processor.py:830} INFO - Processing file /opt/airflow/dags/airflow1.py for tasks to queue
[2025-10-17T23:01:16.810+0000] {logging_mixin.py:188} INFO - [2025-10-17T23:01:16.810+0000] {dagbag.py:545} INFO - Filling up the DagBag from /opt/airflow/dags/airflow1.py
[2025-10-17T23:01:17.205+0000] {processor.py:840} INFO - DAG(s) 'Airflow_Lab1' retrieved from /opt/airflow/dags/airflow1.py
[2025-10-17T23:01:17.214+0000] {logging_mixin.py:188} INFO - [2025-10-17T23:01:17.214+0000] {dag.py:3096} INFO - Sync 1 DAGs
[2025-10-17T23:01:17.219+0000] {logging_mixin.py:188} INFO - [2025-10-17T23:01:17.219+0000] {dag.py:3954} INFO - Setting next_dagrun for Airflow_Lab1 to 2025-10-17 00:00:00+00:00, run_after=2025-10-18 00:00:00+00:00
[2025-10-17T23:01:17.225+0000] {processor.py:183} INFO - Processing /opt/airflow/dags/airflow1.py took 0.424 seconds
[2025-10-17T23:01:47.462+0000] {processor.py:161} INFO - Started process (PID=729) to work on /opt/airflow/dags/airflow1.py
[2025-10-17T23:01:47.462+0000] {processor.py:830} INFO - Processing file /opt/airflow/dags/airflow1.py for tasks to queue
[2025-10-17T23:01:47.464+0000] {logging_mixin.py:188} INFO - [2025-10-17T23:01:47.464+0000] {dagbag.py:545} INFO - Filling up the DagBag from /opt/airflow/dags/airflow1.py
[2025-10-17T23:01:47.891+0000] {processor.py:840} INFO - DAG(s) 'Airflow_Lab1' retrieved from /opt/airflow/dags/airflow1.py
[2025-10-17T23:01:47.900+0000] {logging_mixin.py:188} INFO - [2025-10-17T23:01:47.899+0000] {dag.py:3096} INFO - Sync 1 DAGs
[2025-10-17T23:01:47.905+0000] {logging_mixin.py:188} INFO - [2025-10-17T23:01:47.905+0000] {dag.py:3954} INFO - Setting next_dagrun for Airflow_Lab1 to 2025-10-17 00:00:00+00:00, run_after=2025-10-18 00:00:00+00:00
[2025-10-17T23:01:47.910+0000] {processor.py:183} INFO - Processing /opt/airflow/dags/airflow1.py took 0.452 seconds
[2025-10-17T23:02:18.145+0000] {processor.py:161} INFO - Started process (PID=741) to work on /opt/airflow/dags/airflow1.py
[2025-10-17T23:02:18.146+0000] {processor.py:830} INFO - Processing file /opt/airflow/dags/airflow1.py for tasks to queue
[2025-10-17T23:02:18.148+0000] {logging_mixin.py:188} INFO - [2025-10-17T23:02:18.147+0000] {dagbag.py:545} INFO - Filling up the DagBag from /opt/airflow/dags/airflow1.py
[2025-10-17T23:02:18.533+0000] {processor.py:840} INFO - DAG(s) 'Airflow_Lab1' retrieved from /opt/airflow/dags/airflow1.py
[2025-10-17T23:02:18.541+0000] {logging_mixin.py:188} INFO - [2025-10-17T23:02:18.541+0000] {dag.py:3096} INFO - Sync 1 DAGs
[2025-10-17T23:02:18.547+0000] {logging_mixin.py:188} INFO - [2025-10-17T23:02:18.546+0000] {dag.py:3954} INFO - Setting next_dagrun for Airflow_Lab1 to 2025-10-17 00:00:00+00:00, run_after=2025-10-18 00:00:00+00:00
[2025-10-17T23:02:18.551+0000] {processor.py:183} INFO - Processing /opt/airflow/dags/airflow1.py took 0.411 seconds
[2025-10-17T23:02:48.797+0000] {processor.py:161} INFO - Started process (PID=752) to work on /opt/airflow/dags/airflow1.py
[2025-10-17T23:02:48.798+0000] {processor.py:830} INFO - Processing file /opt/airflow/dags/airflow1.py for tasks to queue
[2025-10-17T23:02:48.800+0000] {logging_mixin.py:188} INFO - [2025-10-17T23:02:48.800+0000] {dagbag.py:545} INFO - Filling up the DagBag from /opt/airflow/dags/airflow1.py
[2025-10-17T23:02:49.213+0000] {processor.py:840} INFO - DAG(s) 'Airflow_Lab1' retrieved from /opt/airflow/dags/airflow1.py
[2025-10-17T23:02:49.221+0000] {logging_mixin.py:188} INFO - [2025-10-17T23:02:49.221+0000] {dag.py:3096} INFO - Sync 1 DAGs
[2025-10-17T23:02:49.227+0000] {logging_mixin.py:188} INFO - [2025-10-17T23:02:49.227+0000] {dag.py:3954} INFO - Setting next_dagrun for Airflow_Lab1 to 2025-10-17 00:00:00+00:00, run_after=2025-10-18 00:00:00+00:00
[2025-10-17T23:02:49.232+0000] {processor.py:183} INFO - Processing /opt/airflow/dags/airflow1.py took 0.443 seconds
[2025-10-17T23:03:19.469+0000] {processor.py:161} INFO - Started process (PID=763) to work on /opt/airflow/dags/airflow1.py
[2025-10-17T23:03:19.471+0000] {processor.py:830} INFO - Processing file /opt/airflow/dags/airflow1.py for tasks to queue
[2025-10-17T23:03:19.473+0000] {logging_mixin.py:188} INFO - [2025-10-17T23:03:19.472+0000] {dagbag.py:545} INFO - Filling up the DagBag from /opt/airflow/dags/airflow1.py
[2025-10-17T23:03:19.876+0000] {processor.py:840} INFO - DAG(s) 'Airflow_Lab1' retrieved from /opt/airflow/dags/airflow1.py
[2025-10-17T23:03:19.884+0000] {logging_mixin.py:188} INFO - [2025-10-17T23:03:19.884+0000] {dag.py:3096} INFO - Sync 1 DAGs
[2025-10-17T23:03:19.890+0000] {logging_mixin.py:188} INFO - [2025-10-17T23:03:19.890+0000] {dag.py:3954} INFO - Setting next_dagrun for Airflow_Lab1 to 2025-10-17 00:00:00+00:00, run_after=2025-10-18 00:00:00+00:00
[2025-10-17T23:03:19.895+0000] {processor.py:183} INFO - Processing /opt/airflow/dags/airflow1.py took 0.433 seconds
[2025-10-17T23:03:50.153+0000] {processor.py:161} INFO - Started process (PID=774) to work on /opt/airflow/dags/airflow1.py
[2025-10-17T23:03:50.154+0000] {processor.py:830} INFO - Processing file /opt/airflow/dags/airflow1.py for tasks to queue
[2025-10-17T23:03:50.156+0000] {logging_mixin.py:188} INFO - [2025-10-17T23:03:50.156+0000] {dagbag.py:545} INFO - Filling up the DagBag from /opt/airflow/dags/airflow1.py
[2025-10-17T23:03:50.546+0000] {processor.py:840} INFO - DAG(s) 'Airflow_Lab1' retrieved from /opt/airflow/dags/airflow1.py
[2025-10-17T23:03:50.570+0000] {logging_mixin.py:188} INFO - [2025-10-17T23:03:50.570+0000] {dag.py:3096} INFO - Sync 1 DAGs
[2025-10-17T23:03:50.592+0000] {logging_mixin.py:188} INFO - [2025-10-17T23:03:50.592+0000] {dag.py:3954} INFO - Setting next_dagrun for Airflow_Lab1 to 2025-10-17 00:00:00+00:00, run_after=2025-10-18 00:00:00+00:00
[2025-10-17T23:03:50.650+0000] {processor.py:183} INFO - Processing /opt/airflow/dags/airflow1.py took 0.503 seconds
[2025-10-17T23:04:20.861+0000] {processor.py:161} INFO - Started process (PID=785) to work on /opt/airflow/dags/airflow1.py
[2025-10-17T23:04:20.862+0000] {processor.py:830} INFO - Processing file /opt/airflow/dags/airflow1.py for tasks to queue
[2025-10-17T23:04:20.864+0000] {logging_mixin.py:188} INFO - [2025-10-17T23:04:20.863+0000] {dagbag.py:545} INFO - Filling up the DagBag from /opt/airflow/dags/airflow1.py
[2025-10-17T23:04:21.316+0000] {processor.py:840} INFO - DAG(s) 'Airflow_Lab1' retrieved from /opt/airflow/dags/airflow1.py
[2025-10-17T23:04:21.326+0000] {logging_mixin.py:188} INFO - [2025-10-17T23:04:21.326+0000] {dag.py:3096} INFO - Sync 1 DAGs
[2025-10-17T23:04:21.332+0000] {logging_mixin.py:188} INFO - [2025-10-17T23:04:21.332+0000] {dag.py:3954} INFO - Setting next_dagrun for Airflow_Lab1 to 2025-10-17 00:00:00+00:00, run_after=2025-10-18 00:00:00+00:00
[2025-10-17T23:04:21.337+0000] {processor.py:183} INFO - Processing /opt/airflow/dags/airflow1.py took 0.479 seconds
[2025-10-17T23:04:51.543+0000] {processor.py:161} INFO - Started process (PID=796) to work on /opt/airflow/dags/airflow1.py
[2025-10-17T23:04:51.544+0000] {processor.py:830} INFO - Processing file /opt/airflow/dags/airflow1.py for tasks to queue
[2025-10-17T23:04:51.546+0000] {logging_mixin.py:188} INFO - [2025-10-17T23:04:51.545+0000] {dagbag.py:545} INFO - Filling up the DagBag from /opt/airflow/dags/airflow1.py
[2025-10-17T23:04:51.938+0000] {processor.py:840} INFO - DAG(s) 'Airflow_Lab1' retrieved from /opt/airflow/dags/airflow1.py
[2025-10-17T23:04:51.947+0000] {logging_mixin.py:188} INFO - [2025-10-17T23:04:51.947+0000] {dag.py:3096} INFO - Sync 1 DAGs
[2025-10-17T23:04:51.953+0000] {logging_mixin.py:188} INFO - [2025-10-17T23:04:51.953+0000] {dag.py:3954} INFO - Setting next_dagrun for Airflow_Lab1 to 2025-10-17 00:00:00+00:00, run_after=2025-10-18 00:00:00+00:00
[2025-10-17T23:04:51.958+0000] {processor.py:183} INFO - Processing /opt/airflow/dags/airflow1.py took 0.419 seconds
[2025-10-17T23:05:22.194+0000] {processor.py:161} INFO - Started process (PID=807) to work on /opt/airflow/dags/airflow1.py
[2025-10-17T23:05:22.194+0000] {processor.py:830} INFO - Processing file /opt/airflow/dags/airflow1.py for tasks to queue
[2025-10-17T23:05:22.195+0000] {logging_mixin.py:188} INFO - [2025-10-17T23:05:22.195+0000] {dagbag.py:545} INFO - Filling up the DagBag from /opt/airflow/dags/airflow1.py
[2025-10-17T23:05:22.577+0000] {processor.py:840} INFO - DAG(s) 'Airflow_Lab1' retrieved from /opt/airflow/dags/airflow1.py
[2025-10-17T23:05:22.585+0000] {logging_mixin.py:188} INFO - [2025-10-17T23:05:22.585+0000] {dag.py:3096} INFO - Sync 1 DAGs
[2025-10-17T23:05:22.591+0000] {logging_mixin.py:188} INFO - [2025-10-17T23:05:22.591+0000] {dag.py:3954} INFO - Setting next_dagrun for Airflow_Lab1 to 2025-10-17 00:00:00+00:00, run_after=2025-10-18 00:00:00+00:00
[2025-10-17T23:05:22.596+0000] {processor.py:183} INFO - Processing /opt/airflow/dags/airflow1.py took 0.405 seconds
